2024-07-27 10:41:02 [0m[47;1m[1;30mใไบก็ตใๆๆๅณฐ(Oakbai):[31m่ฟๆฏๅช้ๅโฆโฆ[2;37;0m[2;37;0m[0m[0;39;49m
2024-07-27 10:57:38 [0m[47;1m[1;30mใไบก็ตใ้ฟๅค(Act):[31m่ฟๆฏๅช้ๅโฆโฆ[2;37;0m[2;37;0m[0m[0;39;49m
2024-07-27 21:40:34 [0m[47;1m[1;30mใไบก็ตใ่่่(Mzywq):[31m่ฟๆฏๅช้ๅโฆโฆ[2;37;0m[2;37;0m[0m[0;39;49m
2024-07-27 21:44:04 [0m[47;1m[1;30mใไบก็ตใ่่่(Mzywq):[31m่ฟๆฏๅช้ๅโฆโฆ[2;37;0m[2;37;0m[0m[0;39;49m
2024-07-30 12:31:29 [0m[47;1m[1;30mใไบก็ตใ่ๆ็ฉบๅฏ(Xvwudaoren):[31m่ฟๆฏๅช้ๅโฆโฆ[2;37;0m[2;37;0m[0m[0;39;49m
2024-07-30 12:35:57 [0m[47;1m[1;30mใไบก็ตใ่ๆ็ฉบๅฏ(Xvwudaoren):[31m่ฟๆฏๅช้ๅโฆโฆ[2;37;0m[2;37;0m[0m[0;39;49m
2024-07-30 15:09:18 [0m[47;1m[1;30mใไบก็ตใ็บขๆก็ฏ(Hhtj):[31m่ฟๆฏๅช้ๅโฆโฆ[2;37;0m[2;37;0m[0m[0;39;49m
2024-07-30 16:28:12 [0m[47;1m[1;30mใไบก็ตใๅฒๆฐๅ็ฅ(Miaoxijie):[31m่ฟๆฏๅช้ๅโฆโฆ[2;37;0m[2;37;0m[0m[0;39;49m
2024-07-30 21:06:52 [0m[47;1m[1;30mใไบก็ตใๆพ่[2;37;0m(Shenwu):[31m่ฟๆฏๅช้ๅโฆโฆ[2;37;0m[2;37;0m[0m[0;39;49m
2024-07-30 21:07:38 [0m[47;1m[1;30mใไบก็ตใ้คๅญ(Twiss):[31m่ฟๆฏๅช้ๅโฆโฆ[2;37;0m[2;37;0m[0m[0;39;49m
2024-07-30 21:09:28 [0m[47;1m[1;30mใไบก็ตใ่ๅซ(Hypertxt):[31m่ฟๆฏๅช้ๅโฆโฆ[2;37;0m[2;37;0m[0m[0;39;49m
2024-08-01 20:57:42 [0m[47;1m[1;30mใไบก็ตใๅฒๆฐๅ็ฅ(Miaoxijie):[31m่ฟๆฏๅช้ๅโฆโฆ[2;37;0m[2;37;0m[0m[0;39;49m
2024-08-01 21:08:57 [0m[47;1m[1;30mใไบก็ตใ้ฃๅฝฑ[2;37;0m(Fine):[31m่ฟๆฏๅช้ๅโฆโฆ[2;37;0m[2;37;0m[0m[0;39;49m
2024-08-01 21:22:06 [0m[47;1m[1;30mใไบก็ตใ[1;37m่ฎธๆๅผบ[2;37;0m(Begin):[31m่ฟๆฏๅช้ๅโฆโฆ[2;37;0m[2;37;0m[0m[0;39;49m
2024-08-01 21:57:37 [0m[47;1m[1;30mใไบก็ตใ็บขๆกๆฐช(Hhtk):[31m่ฟๆฏๅช้ๅโฆโฆ[2;37;0m[2;37;0m[0m[0;39;49m
2024-08-01 23:00:07 [0m[47;1m[1;30mใไบก็ตใๅฒๆฐๅ็ฅ(Miaoxijie):[31m่ฟๆฏๅช้ๅโฆโฆ[2;37;0m[2;37;0m[0m[0;39;49m
2024-08-01 23:49:44 [0m[47;1m[1;30mใไบก็ตใๅซๆ็ฑณ(Dmgb):[31m่ฟๆฏๅช้ๅโฆโฆ[2;37;0m[2;37;0m[0m[0;39;49m
2024-08-01 23:50:10 [0m[47;1m[1;30mใไบก็ตใๅฒๅคฉ็บข(Redsky):[31m่ฟๆฏๅช้ๅโฆโฆ[2;37;0m[2;37;0m[0m[0;39;49m
2024-08-03 00:07:38 [0m[47;1m[1;30mใไบก็ตใ่น่ญ(Jjia):[31m่ฟๆฏๅช้ๅโฆโฆ[2;37;0m[2;37;0m[0m[0;39;49m
2024-08-03 00:19:21 [0m[47;1m[1;30mใไบก็ตใ่น่ญ(Jjia):[31m่ฟๆฏๅช้ๅโฆโฆ[2;37;0m[2;37;0m[0m[0;39;49m
2024-08-05 19:42:15 [0m[47;1m[1;30mใไบก็ตใ่งๆฉ่ฏ(Maha):[31m่ฟๆฏๅช้ๅโฆโฆ[2;37;0m[2;37;0m[0m[0;39;49m
2024-08-05 19:54:26 [0m[47;1m[1;30mใไบก็ตใๆฌ่(Ducks):[31m่ฟๆฏๅช้ๅโฆโฆ[2;37;0m[2;37;0m[0m[0;39;49m
2024-08-05 22:05:12 [0m[47;1m[1;30mใไบก็ตใๅฒๆฐๅ็ฅ(Miaoxijie):[31m่ฟๆฏๅช้ๅโฆโฆ[2;37;0m[2;37;0m[0m[0;39;49m
2024-08-05 22:08:57 [0m[47;1m[1;30mใไบก็ตใๅฒๆฐๅ็ฅ(Miaoxijie):[31m่ฟๆฏๅช้ๅโฆโฆ[2;37;0m[2;37;0m[0m[0;39;49m
2024-08-05 22:16:09 [0m[47;1m[1;30mใไบก็ตใ้ฟๅค(Act):[31m่ฟๆฏๅช้ๅโฆโฆ[2;37;0m[2;37;0m[0m[0;39;49m
2024-08-06 21:03:48 [0m[47;1m[1;30mใไบก็ตใ่ฎ้ๅ(Msh):[31m่ฟๆฏๅช้ๅโฆโฆ[2;37;0m[2;37;0m[0m[0;39;49m
2024-08-06 23:52:49 [0m[47;1m[1;30mใไบก็ตใๆฌๅก[2;37;0m(Zmbf):[31m่ฟๆฏๅช้ๅโฆโฆ[2;37;0m[2;37;0m[0m[0;39;49m
2024-08-09 15:05:13 [0m[47;1m[1;30mใไบก็ตใ[1;37m้ฟๅ[2;37;0m(Atu):[31m่ฟๆฏๅช้ๅโฆโฆ[2;37;0m[2;37;0m[0m[0;39;49m
2024-08-10 00:18:26 [0m[47;1m[1;30mใไบก็ตใๅฟซ้(Wangnn):[31m่ฟๆฏๅช้ๅโฆโฆ[2;37;0m[2;37;0m[0m[0;39;49m
2024-08-10 01:03:24 [0m[47;1m[1;30mใไบก็ตใๅ(Automen):[31m่ฟๆฏๅช้ๅโฆโฆ[2;37;0m[2;37;0m[0m[0;39;49m
2024-08-11 00:40:33 [0m[47;1m[1;30mใไบก็ตใๅฟซ้(Wangnn):[31m่ฟๆฏๅช้ๅโฆโฆ[2;37;0m[2;37;0m[0m[0;39;49m
2024-08-11 00:41:40 [0m[47;1m[1;30mใไบก็ตใๅฟซ้(Wangnn):[31m่ฟๆฏๅช้ๅโฆโฆ[2;37;0m[2;37;0m[0m[0;39;49m
2024-08-14 17:23:43 [0m[47;1m[1;30mใไบก็ตใๅฐๆ(Ywt):[31m่ฟๆฏๅช้ๅโฆโฆ[2;37;0m[2;37;0m[0m[0;39;49m
2024-08-14 20:02:29 [0m[47;1m[1;30mใไบก็ตใ่ๅซ(Hypertxt):[31m่ฟๆฏๅช้ๅโฆโฆ[2;37;0m[2;37;0m[0m[0;39;49m
2024-08-14 20:02:30 [0m[47;1m[1;30mใไบก็ตใๆฌๆฌ[2;37;0m(Feixuex):่ๅซ๏ผไฝ้ณๅฏฟๆชๅฐฝ๏ผๆๅฏๅฉไฝๅๅฐไบบ้ดใ[2;37;0m[0m[0;39;49m
2024-08-14 22:25:39 [0m[47;1m[1;30mใไบก็ตใไธๆ(Qsha):[31m่ฟๆฏๅช้ๅโฆโฆ[2;37;0m[2;37;0m[0m[0;39;49m
2024-08-15 18:15:45 [0m[47;1m[1;30mใไบก็ตใๆขๅฑ็(Icesea):[31m่ฟๆฏๅช้ๅโฆโฆ[2;37;0m[2;37;0m[0m[0;39;49m
2024-08-15 18:24:28 [0m[47;1m[1;30mใไบก็ตใไธๅช็ซ(Predatoraj):[31m่ฟๆฏๅช้ๅโฆโฆ[2;37;0m[2;37;0m[0m[0;39;49m
2024-08-15 20:01:43 [0m[47;1m[1;30mใไบก็ตใ่็ง(Leoleo):[31m่ฟๆฏๅช้ๅโฆโฆ[2;37;0m[2;37;0m[0m[0;39;49m
2024-08-15 20:06:44 [0m[47;1m[1;30mใไบก็ตใ็ฑณๅฎไบบ(Dosmi):[31m่ฟๆฏๅช้ๅโฆโฆ[2;37;0m[2;37;0m[0m[0;39;49m
2024-08-16 13:59:25 [0m[47;1m[1;30mใไบก็ตใๆปกๅคฉๆ(Windxx):[31m่ฟๆฏๅช้ๅโฆโฆ[2;37;0m[2;37;0m[0m[0;39;49m
2024-08-16 14:21:53 [0m[47;1m[1;30mใไบก็ตใ่ๆ็ฉบๅฏ(Xvwudaoren):[31m่ฟๆฏๅช้ๅโฆโฆ[2;37;0m[2;37;0m[0m[0;39;49m
2024-08-16 14:41:34 [0m[47;1m[1;30mใไบก็ตใๆไปฅ[2;37;0m(Kycz):[31m่ฟๆฏๅช้ๅโฆโฆ[2;37;0m[2;37;0m[0m[0;39;49m
2024-08-16 16:52:30 [0m[47;1m[1;30mใไบก็ตใๅฟซ้(Wangnn):[31m่ฟๆฏๅช้ๅโฆโฆ[2;37;0m[2;37;0m[0m[0;39;49m
2024-08-18 15:25:07 [0m[47;1m[1;30mใไบก็ตใไธๆ(Qsha):[31m่ฟๆฏๅช้ๅโฆโฆ[2;37;0m[2;37;0m[0m[0;39;49m
2024-08-19 12:04:32 [0m[47;1m[1;30mใไบก็ตใๅซๆ็ฑณ(Dmgb):[31m่ฟๆฏๅช้ๅโฆโฆ[2;37;0m[2;37;0m[0m[0;39;49m
2024-08-19 17:49:21 [0m[47;1m[1;30mใไบก็ตใๅฑฑ้ๆๅคซ(Heiyk):[31m่ฟๆฏๅช้ๅโฆโฆ[2;37;0m[2;37;0m[0m[0;39;49m
2024-08-19 18:53:32 [0m[47;1m[1;30mใไบก็ตใๅฟซ้(Wangnn):[31m่ฟๆฏๅช้ๅโฆโฆ[2;37;0m[2;37;0m[0m[0;39;49m
