2024-07-26 15:44:57 [1;33;49m出于美化需要，接下来你在屏幕上看到的内容可能和服务器实际传送的内容不一致。[0;39;49m
2024-07-26 15:44:57 [1;33;49m这可能会给编写触发带来困扰，此时你可以通过快捷键或者 beautify.Off 暂时禁用美化。[0;39;49m
2024-07-26 16:34:53 [1;33;49m出于美化需要，接下来你在屏幕上看到的内容可能和服务器实际传送的内容不一致。[0;39;49m
2024-07-26 16:34:53 [1;33;49m这可能会给编写触发带来困扰，此时你可以通过快捷键或者 beautify.Off 暂时禁用美化。[0;39;49m
2024-07-26 16:38:33 [1;33;49m疑似未知掉落物「水壶/pot」，单位为「只」，请确认。[0;39;49m
2024-07-26 16:49:58 [1;33;49m出于美化需要，接下来你在屏幕上看到的内容可能和服务器实际传送的内容不一致。[0;39;49m
2024-07-26 16:49:58 [1;33;49m这可能会给编写触发带来困扰，此时你可以通过快捷键或者 beautify.Off 暂时禁用美化。[0;39;49m
2024-07-26 16:50:08 [1;33;49m也许你还想看看：[0;39;49m
2024-07-26 16:53:44 [1;33;49m出于美化需要，接下来你在屏幕上看到的内容可能和服务器实际传送的内容不一致。[0;39;49m
2024-07-26 16:53:44 [1;33;49m这可能会给编写触发带来困扰，此时你可以通过快捷键或者 beautify.Off 暂时禁用美化。[0;39;49m
2024-07-26 16:55:36 [1;33;49m也许你还想看看：[0;39;49m
2024-07-26 17:01:08 [1;33;49m出于美化需要，接下来你在屏幕上看到的内容可能和服务器实际传送的内容不一致。[0;39;49m
2024-07-26 17:01:08 [1;33;49m这可能会给编写触发带来困扰，此时你可以通过快捷键或者 beautify.Off 暂时禁用美化。[0;39;49m
2024-07-26 17:18:07 [1;33;49m也许你还想看看：[0;39;49m
2024-07-27 10:16:16 [1;33;49m出于美化需要，接下来你在屏幕上看到的内容可能和服务器实际传送的内容不一致。[0;39;49m
2024-07-27 10:16:16 [1;33;49m这可能会给编写触发带来困扰，此时你可以通过快捷键或者 beautify.Off 暂时禁用美化。[0;39;49m
2024-07-27 10:38:49 [1;33;49m出于美化需要，接下来你在屏幕上看到的内容可能和服务器实际传送的内容不一致。[0;39;49m
2024-07-27 10:38:49 [1;33;49m这可能会给编写触发带来困扰，此时你可以通过快捷键或者 beautify.Off 暂时禁用美化。[0;39;49m
2024-07-27 11:01:17 [1;33;49m出于美化需要，接下来你在屏幕上看到的内容可能和服务器实际传送的内容不一致。[0;39;49m
2024-07-27 11:01:17 [1;33;49m这可能会给编写触发带来困扰，此时你可以通过快捷键或者 beautify.Off 暂时禁用美化。[0;39;49m
2024-07-27 18:06:54 [1;33;49m出于美化需要，接下来你在屏幕上看到的内容可能和服务器实际传送的内容不一致。[0;39;49m
2024-07-27 18:06:54 [1;33;49m这可能会给编写触发带来困扰，此时你可以通过快捷键或者 beautify.Off 暂时禁用美化。[0;39;49m
2024-07-27 21:18:54 [1;33;49m出于美化需要，接下来你在屏幕上看到的内容可能和服务器实际传送的内容不一致。[0;39;49m
2024-07-27 21:18:54 [1;33;49m这可能会给编写触发带来困扰，此时你可以通过快捷键或者 beautify.Off 暂时禁用美化。[0;39;49m
2024-07-27 21:36:02 [1;33;49m尚未找到本房间的关联路径。[0;39;49m
2024-07-27 21:53:21 [1;33;49m出于美化需要，接下来你在屏幕上看到的内容可能和服务器实际传送的内容不一致。[0;39;49m
2024-07-27 21:53:21 [1;33;49m这可能会给编写触发带来困扰，此时你可以通过快捷键或者 beautify.Off 暂时禁用美化。[0;39;49m
2024-07-28 12:17:08 [1;33;49m出于美化需要，接下来你在屏幕上看到的内容可能和服务器实际传送的内容不一致。[0;39;49m
2024-07-28 12:17:08 [1;33;49m这可能会给编写触发带来困扰，此时你可以通过快捷键或者 beautify.Off 暂时禁用美化。[0;39;49m
2024-07-28 12:35:04 [1;33;49m你来到了「剑心居」。[0;39;49m
2024-07-28 12:35:06 [1;33;49m你来到了「剑心居」，你不忙。[0;39;49m
2024-07-28 15:07:49 [1;33;49m出于美化需要，接下来你在屏幕上看到的内容可能和服务器实际传送的内容不一致。[0;39;49m
2024-07-28 15:07:49 [1;33;49m这可能会给编写触发带来困扰，此时你可以通过快捷键或者 beautify.Off 暂时禁用美化。[0;39;49m
2024-07-28 15:08:13 [1;33;49m你来到了「剑心居」。[0;39;49m
2024-07-28 15:08:14 [1;33;49m你来到了「剑心居」，你不忙。[0;39;49m
2024-07-28 22:07:34 [1;33;49m出于美化需要，接下来你在屏幕上看到的内容可能和服务器实际传送的内容不一致。[0;39;49m
2024-07-28 22:07:34 [1;33;49m这可能会给编写触发带来困扰，此时你可以通过快捷键或者 beautify.Off 暂时禁用美化。[0;39;49m
2024-07-28 22:08:31 [1;33;49m你来到了「剑心居」。[0;39;49m
2024-07-28 22:08:32 [1;33;49m你来到了「剑心居」，你不忙。[0;39;49m
2024-07-28 22:09:40 [1;33;49m用法: kill-module <模块全限定名称>[0;39;49m
2024-07-28 22:14:01 [1;33;49m出于美化需要，接下来你在屏幕上看到的内容可能和服务器实际传送的内容不一致。[0;39;49m
2024-07-28 22:14:01 [1;33;49m这可能会给编写触发带来困扰，此时你可以通过快捷键或者 beautify.Off 暂时禁用美化。[0;39;49m
2024-07-28 23:11:49 [1;33;49m你来到了「剑心居」。[0;39;49m
2024-07-28 23:11:49 [1;33;49m你来到了「剑心居」，你不忙。[0;39;49m
2024-07-29 14:50:01 [1;33;49m出于美化需要，接下来你在屏幕上看到的内容可能和服务器实际传送的内容不一致。[0;39;49m
2024-07-29 14:50:01 [1;33;49m这可能会给编写触发带来困扰，此时你可以通过快捷键或者 beautify.Off 暂时禁用美化。[0;39;49m
2024-07-29 15:48:13 [1;33;49m出于美化需要，接下来你在屏幕上看到的内容可能和服务器实际传送的内容不一致。[0;39;49m
2024-07-29 15:48:13 [1;33;49m这可能会给编写触发带来困扰，此时你可以通过快捷键或者 beautify.Off 暂时禁用美化。[0;39;49m
2024-07-29 16:03:40 [1;33;49m出于美化需要，接下来你在屏幕上看到的内容可能和服务器实际传送的内容不一致。[0;39;49m
2024-07-29 16:03:40 [1;33;49m这可能会给编写触发带来困扰，此时你可以通过快捷键或者 beautify.Off 暂时禁用美化。[0;39;49m
2024-07-29 16:25:40 [1;33;49m模块 basic/busy 已经启用。[0;39;49m
2024-07-29 18:15:38 [1;33;49m出于美化需要，接下来你在屏幕上看到的内容可能和服务器实际传送的内容不一致。[0;39;49m
2024-07-29 18:15:38 [1;33;49m这可能会给编写触发带来困扰，此时你可以通过快捷键或者 beautify.Off 暂时禁用美化。[0;39;49m
2024-07-29 18:42:23 [1;33;49m你来到了「剑心居」。[0;39;49m
2024-07-29 18:42:24 [1;33;49m你来到了「剑心居」，你不忙。[0;39;49m
2024-07-29 22:17:24 [1;33;49m出于美化需要，接下来你在屏幕上看到的内容可能和服务器实际传送的内容不一致。[0;39;49m
2024-07-29 22:17:24 [1;33;49m这可能会给编写触发带来困扰，此时你可以通过快捷键或者 beautify.Off 暂时禁用美化。[0;39;49m
2024-07-29 22:18:10 [1;33;49m你来到了「剑心居」。[0;39;49m
2024-07-29 22:18:10 [1;33;49m你来到了「剑心居」，你不忙。[0;39;49m
2024-07-29 22:59:59 [1;33;49m出于美化需要，接下来你在屏幕上看到的内容可能和服务器实际传送的内容不一致。[0;39;49m
2024-07-29 22:59:59 [1;33;49m这可能会给编写触发带来困扰，此时你可以通过快捷键或者 beautify.Off 暂时禁用美化。[0;39;49m
2024-07-30 10:09:16 [1;33;49m出于美化需要，接下来你在屏幕上看到的内容可能和服务器实际传送的内容不一致。[0;39;49m
2024-07-30 10:09:16 [1;33;49m这可能会给编写触发带来困扰，此时你可以通过快捷键或者 beautify.Off 暂时禁用美化。[0;39;49m
2024-07-30 10:09:35 [1;33;49m你来到了「剑心居」。[0;39;49m
2024-07-30 10:09:36 [1;33;49m你来到了「剑心居」，你不忙。[0;39;49m
2024-07-30 10:26:10 [1;33;49m出于美化需要，接下来你在屏幕上看到的内容可能和服务器实际传送的内容不一致。[0;39;49m
2024-07-30 10:26:10 [1;33;49m这可能会给编写触发带来困扰，此时你可以通过快捷键或者 beautify.Off 暂时禁用美化。[0;39;49m
2024-07-30 10:38:01 [1;33;49m出于美化需要，接下来你在屏幕上看到的内容可能和服务器实际传送的内容不一致。[0;39;49m
2024-07-30 10:38:01 [1;33;49m这可能会给编写触发带来困扰，此时你可以通过快捷键或者 beautify.Off 暂时禁用美化。[0;39;49m
2024-07-30 12:29:25 [1;33;49m出于美化需要，接下来你在屏幕上看到的内容可能和服务器实际传送的内容不一致。[0;39;49m
2024-07-30 12:29:25 [1;33;49m这可能会给编写触发带来困扰，此时你可以通过快捷键或者 beautify.Off 暂时禁用美化。[0;39;49m
2024-07-30 12:30:33 [1;33;49m你来到了「剑心居」。[0;39;49m
2024-07-30 12:30:33 [1;33;49m你来到了「剑心居」，你不忙。[0;39;49m
2024-07-30 12:48:43 [1;33;49m出于美化需要，接下来你在屏幕上看到的内容可能和服务器实际传送的内容不一致。[0;39;49m
2024-07-30 12:48:43 [1;33;49m这可能会给编写触发带来困扰，此时你可以通过快捷键或者 beautify.Off 暂时禁用美化。[0;39;49m
2024-07-30 12:59:26 [1;33;49m出于美化需要，接下来你在屏幕上看到的内容可能和服务器实际传送的内容不一致。[0;39;49m
2024-07-30 12:59:26 [1;33;49m这可能会给编写触发带来困扰，此时你可以通过快捷键或者 beautify.Off 暂时禁用美化。[0;39;49m
2024-07-30 16:26:19 [1;33;49m出于美化需要，接下来你在屏幕上看到的内容可能和服务器实际传送的内容不一致。[0;39;49m
2024-07-30 16:26:19 [1;33;49m这可能会给编写触发带来困扰，此时你可以通过快捷键或者 beautify.Off 暂时禁用美化。[0;39;49m
2024-07-30 16:54:03 [1;33;49m出于美化需要，接下来你在屏幕上看到的内容可能和服务器实际传送的内容不一致。[0;39;49m
2024-07-30 16:54:03 [1;33;49m这可能会给编写触发带来困扰，此时你可以通过快捷键或者 beautify.Off 暂时禁用美化。[0;39;49m
2024-07-30 16:58:46 [1;33;49m出于美化需要，接下来你在屏幕上看到的内容可能和服务器实际传送的内容不一致。[0;39;49m
2024-07-30 16:58:46 [1;33;49m这可能会给编写触发带来困扰，此时你可以通过快捷键或者 beautify.Off 暂时禁用美化。[0;39;49m
2024-07-30 17:05:47 [1;33;49m出于美化需要，接下来你在屏幕上看到的内容可能和服务器实际传送的内容不一致。[0;39;49m
2024-07-30 17:05:47 [1;33;49m这可能会给编写触发带来困扰，此时你可以通过快捷键或者 beautify.Off 暂时禁用美化。[0;39;49m
2024-07-30 17:07:37 [1;33;49m出于美化需要，接下来你在屏幕上看到的内容可能和服务器实际传送的内容不一致。[0;39;49m
2024-07-30 17:07:37 [1;33;49m这可能会给编写触发带来困扰，此时你可以通过快捷键或者 beautify.Off 暂时禁用美化。[0;39;49m
2024-07-30 18:08:40 [1;33;49m出于美化需要，接下来你在屏幕上看到的内容可能和服务器实际传送的内容不一致。[0;39;49m
2024-07-30 18:08:40 [1;33;49m这可能会给编写触发带来困扰，此时你可以通过快捷键或者 beautify.Off 暂时禁用美化。[0;39;49m
2024-07-30 18:39:28 [1;33;49m出于美化需要，接下来你在屏幕上看到的内容可能和服务器实际传送的内容不一致。[0;39;49m
2024-07-30 18:39:28 [1;33;49m这可能会给编写触发带来困扰，此时你可以通过快捷键或者 beautify.Off 暂时禁用美化。[0;39;49m
2024-07-30 18:56:33 [1;33;49m出于美化需要，接下来你在屏幕上看到的内容可能和服务器实际传送的内容不一致。[0;39;49m
2024-07-30 18:56:33 [1;33;49m这可能会给编写触发带来困扰，此时你可以通过快捷键或者 beautify.Off 暂时禁用美化。[0;39;49m
2024-07-30 19:12:22 [1;33;49m出于美化需要，接下来你在屏幕上看到的内容可能和服务器实际传送的内容不一致。[0;39;49m
2024-07-30 19:12:22 [1;33;49m这可能会给编写触发带来困扰，此时你可以通过快捷键或者 beautify.Off 暂时禁用美化。[0;39;49m
2024-07-30 20:15:17 [1;33;49m出于美化需要，接下来你在屏幕上看到的内容可能和服务器实际传送的内容不一致。[0;39;49m
2024-07-30 20:15:17 [1;33;49m这可能会给编写触发带来困扰，此时你可以通过快捷键或者 beautify.Off 暂时禁用美化。[0;39;49m
2024-07-30 20:25:12 [1;33;49m出于美化需要，接下来你在屏幕上看到的内容可能和服务器实际传送的内容不一致。[0;39;49m
2024-07-30 20:25:12 [1;33;49m这可能会给编写触发带来困扰，此时你可以通过快捷键或者 beautify.Off 暂时禁用美化。[0;39;49m
2024-07-30 20:43:00 [1;33;49m出于美化需要，接下来你在屏幕上看到的内容可能和服务器实际传送的内容不一致。[0;39;49m
2024-07-30 20:43:00 [1;33;49m这可能会给编写触发带来困扰，此时你可以通过快捷键或者 beautify.Off 暂时禁用美化。[0;39;49m
2024-07-30 21:03:08 [1;33;49m出于美化需要，接下来你在屏幕上看到的内容可能和服务器实际传送的内容不一致。[0;39;49m
2024-07-30 21:03:08 [1;33;49m这可能会给编写触发带来困扰，此时你可以通过快捷键或者 beautify.Off 暂时禁用美化。[0;39;49m
2024-07-30 21:29:39 [1;33;49m出于美化需要，接下来你在屏幕上看到的内容可能和服务器实际传送的内容不一致。[0;39;49m
2024-07-30 21:29:39 [1;33;49m这可能会给编写触发带来困扰，此时你可以通过快捷键或者 beautify.Off 暂时禁用美化。[0;39;49m
2024-08-01 11:04:38 [1;33;49m出于美化需要，接下来你在屏幕上看到的内容可能和服务器实际传送的内容不一致。[0;39;49m
2024-08-01 11:04:38 [1;33;49m这可能会给编写触发带来困扰，此时你可以通过快捷键或者 beautify.Off 暂时禁用美化。[0;39;49m
2024-08-01 11:15:07 [1;33;49m出于美化需要，接下来你在屏幕上看到的内容可能和服务器实际传送的内容不一致。[0;39;49m
2024-08-01 11:15:07 [1;33;49m这可能会给编写触发带来困扰，此时你可以通过快捷键或者 beautify.Off 暂时禁用美化。[0;39;49m
2024-08-01 11:16:25 [1;33;49m也许你还想看看：[0;39;49m
2024-08-01 11:48:08 [1;33;49m出于美化需要，接下来你在屏幕上看到的内容可能和服务器实际传送的内容不一致。[0;39;49m
2024-08-01 11:48:08 [1;33;49m这可能会给编写触发带来困扰，此时你可以通过快捷键或者 beautify.Off 暂时禁用美化。[0;39;49m
2024-08-01 12:10:58 [1;33;49m出于美化需要，接下来你在屏幕上看到的内容可能和服务器实际传送的内容不一致。[0;39;49m
2024-08-01 12:10:58 [1;33;49m这可能会给编写触发带来困扰，此时你可以通过快捷键或者 beautify.Off 暂时禁用美化。[0;39;49m
2024-08-01 12:16:18 [1;33;49m出于美化需要，接下来你在屏幕上看到的内容可能和服务器实际传送的内容不一致。[0;39;49m
2024-08-01 12:16:18 [1;33;49m这可能会给编写触发带来困扰，此时你可以通过快捷键或者 beautify.Off 暂时禁用美化。[0;39;49m
2024-08-01 14:37:00 [1;33;49m出于美化需要，接下来你在屏幕上看到的内容可能和服务器实际传送的内容不一致。[0;39;49m
2024-08-01 14:37:00 [1;33;49m这可能会给编写触发带来困扰，此时你可以通过快捷键或者 beautify.Off 暂时禁用美化。[0;39;49m
2024-08-01 14:47:38 [1;33;49m出于美化需要，接下来你在屏幕上看到的内容可能和服务器实际传送的内容不一致。[0;39;49m
2024-08-01 14:47:38 [1;33;49m这可能会给编写触发带来困扰，此时你可以通过快捷键或者 beautify.Off 暂时禁用美化。[0;39;49m
2024-08-01 20:41:29 [1;33;49m出于美化需要，接下来你在屏幕上看到的内容可能和服务器实际传送的内容不一致。[0;39;49m
2024-08-01 20:41:29 [1;33;49m这可能会给编写触发带来困扰，此时你可以通过快捷键或者 beautify.Off 暂时禁用美化。[0;39;49m
2024-08-01 20:49:19 [1;33;49m出于美化需要，接下来你在屏幕上看到的内容可能和服务器实际传送的内容不一致。[0;39;49m
2024-08-01 20:49:19 [1;33;49m这可能会给编写触发带来困扰，此时你可以通过快捷键或者 beautify.Off 暂时禁用美化。[0;39;49m
2024-08-01 21:24:30 [1;33;49m出于美化需要，接下来你在屏幕上看到的内容可能和服务器实际传送的内容不一致。[0;39;49m
2024-08-01 21:24:30 [1;33;49m这可能会给编写触发带来困扰，此时你可以通过快捷键或者 beautify.Off 暂时禁用美化。[0;39;49m
2024-08-01 22:59:44 [1;33;49m出于美化需要，接下来你在屏幕上看到的内容可能和服务器实际传送的内容不一致。[0;39;49m
2024-08-01 22:59:44 [1;33;49m这可能会给编写触发带来困扰，此时你可以通过快捷键或者 beautify.Off 暂时禁用美化。[0;39;49m
2024-08-01 23:04:58 [1;33;49m出于美化需要，接下来你在屏幕上看到的内容可能和服务器实际传送的内容不一致。[0;39;49m
2024-08-01 23:04:58 [1;33;49m这可能会给编写触发带来困扰，此时你可以通过快捷键或者 beautify.Off 暂时禁用美化。[0;39;49m
2024-08-03 00:01:04 [1;33;49m出于美化需要，接下来你在屏幕上看到的内容可能和服务器实际传送的内容不一致。[0;39;49m
2024-08-03 00:01:04 [1;33;49m这可能会给编写触发带来困扰，此时你可以通过快捷键或者 beautify.Off 暂时禁用美化。[0;39;49m
2024-08-03 00:17:06 [1;33;49m出于美化需要，接下来你在屏幕上看到的内容可能和服务器实际传送的内容不一致。[0;39;49m
2024-08-03 00:17:06 [1;33;49m这可能会给编写触发带来困扰，此时你可以通过快捷键或者 beautify.Off 暂时禁用美化。[0;39;49m
2024-08-04 18:25:13 [1;33;49m出于美化需要，接下来你在屏幕上看到的内容可能和服务器实际传送的内容不一致。[0;39;49m
2024-08-04 18:25:13 [1;33;49m这可能会给编写触发带来困扰，此时你可以通过快捷键或者 beautify.Off 暂时禁用美化。[0;39;49m
2024-08-05 14:59:59 [1;33;49m出于美化需要，接下来你在屏幕上看到的内容可能和服务器实际传送的内容不一致。[0;39;49m
2024-08-05 14:59:59 [1;33;49m这可能会给编写触发带来困扰，此时你可以通过快捷键或者 beautify.Off 暂时禁用美化。[0;39;49m
2024-08-05 15:39:15 [1;33;49m出于美化需要，接下来你在屏幕上看到的内容可能和服务器实际传送的内容不一致。[0;39;49m
2024-08-05 15:39:15 [1;33;49m这可能会给编写触发带来困扰，此时你可以通过快捷键或者 beautify.Off 暂时禁用美化。[0;39;49m
2024-08-05 17:41:50 [1;33;49m出于美化需要，接下来你在屏幕上看到的内容可能和服务器实际传送的内容不一致。[0;39;49m
2024-08-05 17:41:50 [1;33;49m这可能会给编写触发带来困扰，此时你可以通过快捷键或者 beautify.Off 暂时禁用美化。[0;39;49m
2024-08-05 17:58:13 [1;33;49m出于美化需要，接下来你在屏幕上看到的内容可能和服务器实际传送的内容不一致。[0;39;49m
2024-08-05 17:58:13 [1;33;49m这可能会给编写触发带来困扰，此时你可以通过快捷键或者 beautify.Off 暂时禁用美化。[0;39;49m
2024-08-05 18:30:12 [1;33;49m出于美化需要，接下来你在屏幕上看到的内容可能和服务器实际传送的内容不一致。[0;39;49m
2024-08-05 18:30:12 [1;33;49m这可能会给编写触发带来困扰，此时你可以通过快捷键或者 beautify.Off 暂时禁用美化。[0;39;49m
2024-08-05 18:59:27 [1;33;49m出于美化需要，接下来你在屏幕上看到的内容可能和服务器实际传送的内容不一致。[0;39;49m
2024-08-05 18:59:27 [1;33;49m这可能会给编写触发带来困扰，此时你可以通过快捷键或者 beautify.Off 暂时禁用美化。[0;39;49m
2024-08-05 19:18:44 [1;33;49m出于美化需要，接下来你在屏幕上看到的内容可能和服务器实际传送的内容不一致。[0;39;49m
2024-08-05 19:18:44 [1;33;49m这可能会给编写触发带来困扰，此时你可以通过快捷键或者 beautify.Off 暂时禁用美化。[0;39;49m
2024-08-05 19:23:04 [1;33;49m出于美化需要，接下来你在屏幕上看到的内容可能和服务器实际传送的内容不一致。[0;39;49m
2024-08-05 19:23:04 [1;33;49m这可能会给编写触发带来困扰，此时你可以通过快捷键或者 beautify.Off 暂时禁用美化。[0;39;49m
2024-08-05 19:31:39 [1;33;49m出于美化需要，接下来你在屏幕上看到的内容可能和服务器实际传送的内容不一致。[0;39;49m
2024-08-05 19:31:39 [1;33;49m这可能会给编写触发带来困扰，此时你可以通过快捷键或者 beautify.Off 暂时禁用美化。[0;39;49m
2024-08-05 19:51:50 [1;33;49m出于美化需要，接下来你在屏幕上看到的内容可能和服务器实际传送的内容不一致。[0;39;49m
2024-08-05 19:51:50 [1;33;49m这可能会给编写触发带来困扰，此时你可以通过快捷键或者 beautify.Off 暂时禁用美化。[0;39;49m
2024-08-05 21:28:43 [1;33;49m出于美化需要，接下来你在屏幕上看到的内容可能和服务器实际传送的内容不一致。[0;39;49m
2024-08-05 21:28:43 [1;33;49m这可能会给编写触发带来困扰，此时你可以通过快捷键或者 beautify.Off 暂时禁用美化。[0;39;49m
2024-08-05 21:42:45 [1;33;49m出于美化需要，接下来你在屏幕上看到的内容可能和服务器实际传送的内容不一致。[0;39;49m
2024-08-05 21:42:45 [1;33;49m这可能会给编写触发带来困扰，此时你可以通过快捷键或者 beautify.Off 暂时禁用美化。[0;39;49m
2024-08-05 22:27:04 [1;33;49m出于美化需要，接下来你在屏幕上看到的内容可能和服务器实际传送的内容不一致。[0;39;49m
2024-08-05 22:27:04 [1;33;49m这可能会给编写触发带来困扰，此时你可以通过快捷键或者 beautify.Off 暂时禁用美化。[0;39;49m
2024-08-05 22:32:16 [1;33;49m出于美化需要，接下来你在屏幕上看到的内容可能和服务器实际传送的内容不一致。[0;39;49m
2024-08-05 22:32:16 [1;33;49m这可能会给编写触发带来困扰，此时你可以通过快捷键或者 beautify.Off 暂时禁用美化。[0;39;49m
2024-08-06 21:03:20 [1;33;49m出于美化需要，接下来你在屏幕上看到的内容可能和服务器实际传送的内容不一致。[0;39;49m
2024-08-06 21:03:20 [1;33;49m这可能会给编写触发带来困扰，此时你可以通过快捷键或者 beautify.Off 暂时禁用美化。[0;39;49m
2024-08-06 23:28:48 [1;33;49m出于美化需要，接下来你在屏幕上看到的内容可能和服务器实际传送的内容不一致。[0;39;49m
2024-08-06 23:28:48 [1;33;49m这可能会给编写触发带来困扰，此时你可以通过快捷键或者 beautify.Off 暂时禁用美化。[0;39;49m
2024-08-07 00:15:05 [1;33;49m尚未找到本房间的关联路径。[0;39;49m
2024-08-07 14:46:45 [1;33;49m出于美化需要，接下来你在屏幕上看到的内容可能和服务器实际传送的内容不一致。[0;39;49m
2024-08-07 14:46:45 [1;33;49m这可能会给编写触发带来困扰，此时你可以通过快捷键或者 beautify.Off 暂时禁用美化。[0;39;49m
2024-08-07 20:13:44 [1;33;49m出于美化需要，接下来你在屏幕上看到的内容可能和服务器实际传送的内容不一致。[0;39;49m
2024-08-07 20:13:44 [1;33;49m这可能会给编写触发带来困扰，此时你可以通过快捷键或者 beautify.Off 暂时禁用美化。[0;39;49m
2024-08-07 23:43:38 [1;33;49m出于美化需要，接下来你在屏幕上看到的内容可能和服务器实际传送的内容不一致。[0;39;49m
2024-08-07 23:43:38 [1;33;49m这可能会给编写触发带来困扰，此时你可以通过快捷键或者 beautify.Off 暂时禁用美化。[0;39;49m
2024-08-08 00:00:27 [1;33;49m出于美化需要，接下来你在屏幕上看到的内容可能和服务器实际传送的内容不一致。[0;39;49m
2024-08-08 00:00:27 [1;33;49m这可能会给编写触发带来困扰，此时你可以通过快捷键或者 beautify.Off 暂时禁用美化。[0;39;49m
2024-08-08 00:04:58 [1;33;49m出于美化需要，接下来你在屏幕上看到的内容可能和服务器实际传送的内容不一致。[0;39;49m
2024-08-08 00:04:58 [1;33;49m这可能会给编写触发带来困扰，此时你可以通过快捷键或者 beautify.Off 暂时禁用美化。[0;39;49m
2024-08-08 00:06:48 [1;33;49m出于美化需要，接下来你在屏幕上看到的内容可能和服务器实际传送的内容不一致。[0;39;49m
2024-08-08 00:06:48 [1;33;49m这可能会给编写触发带来困扰，此时你可以通过快捷键或者 beautify.Off 暂时禁用美化。[0;39;49m
2024-08-08 00:27:35 [1;33;49m出于美化需要，接下来你在屏幕上看到的内容可能和服务器实际传送的内容不一致。[0;39;49m
2024-08-08 00:27:35 [1;33;49m这可能会给编写触发带来困扰，此时你可以通过快捷键或者 beautify.Off 暂时禁用美化。[0;39;49m
2024-08-08 00:29:34 [1;33;49m出于美化需要，接下来你在屏幕上看到的内容可能和服务器实际传送的内容不一致。[0;39;49m
2024-08-08 00:29:34 [1;33;49m这可能会给编写触发带来困扰，此时你可以通过快捷键或者 beautify.Off 暂时禁用美化。[0;39;49m
2024-08-08 14:42:51 [1;33;49m出于美化需要，接下来你在屏幕上看到的内容可能和服务器实际传送的内容不一致。[0;39;49m
2024-08-08 14:42:51 [1;33;49m这可能会给编写触发带来困扰，此时你可以通过快捷键或者 beautify.Off 暂时禁用美化。[0;39;49m
2024-08-08 14:51:10 [1;33;49m出于美化需要，接下来你在屏幕上看到的内容可能和服务器实际传送的内容不一致。[0;39;49m
2024-08-08 14:51:10 [1;33;49m这可能会给编写触发带来困扰，此时你可以通过快捷键或者 beautify.Off 暂时禁用美化。[0;39;49m
2024-08-08 17:37:49 [1;33;49m出于美化需要，接下来你在屏幕上看到的内容可能和服务器实际传送的内容不一致。[0;39;49m
2024-08-08 17:37:49 [1;33;49m这可能会给编写触发带来困扰，此时你可以通过快捷键或者 beautify.Off 暂时禁用美化。[0;39;49m
2024-08-08 23:45:40 [1;33;49m出于美化需要，接下来你在屏幕上看到的内容可能和服务器实际传送的内容不一致。[0;39;49m
2024-08-08 23:45:40 [1;33;49m这可能会给编写触发带来困扰，此时你可以通过快捷键或者 beautify.Off 暂时禁用美化。[0;39;49m
2024-08-09 01:01:18 [1;33;49m出于美化需要，接下来你在屏幕上看到的内容可能和服务器实际传送的内容不一致。[0;39;49m
2024-08-09 01:01:18 [1;33;49m这可能会给编写触发带来困扰，此时你可以通过快捷键或者 beautify.Off 暂时禁用美化。[0;39;49m
2024-08-09 10:52:55 [1;33;49m出于美化需要，接下来你在屏幕上看到的内容可能和服务器实际传送的内容不一致。[0;39;49m
2024-08-09 10:52:55 [1;33;49m这可能会给编写触发带来困扰，此时你可以通过快捷键或者 beautify.Off 暂时禁用美化。[0;39;49m
2024-08-09 14:27:40 [1;33;49m出于美化需要，接下来你在屏幕上看到的内容可能和服务器实际传送的内容不一致。[0;39;49m
2024-08-09 14:27:40 [1;33;49m这可能会给编写触发带来困扰，此时你可以通过快捷键或者 beautify.Off 暂时禁用美化。[0;39;49m
2024-08-09 15:17:20 [1;33;49m出于美化需要，接下来你在屏幕上看到的内容可能和服务器实际传送的内容不一致。[0;39;49m
2024-08-09 15:17:20 [1;33;49m这可能会给编写触发带来困扰，此时你可以通过快捷键或者 beautify.Off 暂时禁用美化。[0;39;49m
2024-08-09 15:23:25 [1;33;49m出于美化需要，接下来你在屏幕上看到的内容可能和服务器实际传送的内容不一致。[0;39;49m
2024-08-09 15:23:25 [1;33;49m这可能会给编写触发带来困扰，此时你可以通过快捷键或者 beautify.Off 暂时禁用美化。[0;39;49m
2024-08-09 15:33:28 [1;33;49m出于美化需要，接下来你在屏幕上看到的内容可能和服务器实际传送的内容不一致。[0;39;49m
2024-08-09 15:33:28 [1;33;49m这可能会给编写触发带来困扰，此时你可以通过快捷键或者 beautify.Off 暂时禁用美化。[0;39;49m
2024-08-09 15:33:51 [1;33;49m出于美化需要，接下来你在屏幕上看到的内容可能和服务器实际传送的内容不一致。[0;39;49m
2024-08-09 15:33:51 [1;33;49m这可能会给编写触发带来困扰，此时你可以通过快捷键或者 beautify.Off 暂时禁用美化。[0;39;49m
2024-08-09 15:36:02 [1;33;49m出于美化需要，接下来你在屏幕上看到的内容可能和服务器实际传送的内容不一致。[0;39;49m
2024-08-09 15:36:02 [1;33;49m这可能会给编写触发带来困扰，此时你可以通过快捷键或者 beautify.Off 暂时禁用美化。[0;39;49m
2024-08-09 15:36:11 [1;33;49m出于美化需要，接下来你在屏幕上看到的内容可能和服务器实际传送的内容不一致。[0;39;49m
2024-08-09 15:36:11 [1;33;49m这可能会给编写触发带来困扰，此时你可以通过快捷键或者 beautify.Off 暂时禁用美化。[0;39;49m
2024-08-09 15:37:13 [1;33;49m未知的移动方式，无法识别，请手动维护路径。[0;39;49m
2024-08-09 15:37:13 [1;33;49m未知的移动方式，无法识别，请手动维护路径。[0;39;49m
2024-08-09 15:37:13 [1;33;49m未知的移动方式，无法识别，请手动维护路径。[0;39;49m
2024-08-09 15:37:13 [1;33;49m未知的移动方式，无法识别，请手动维护路径。[0;39;49m
2024-08-09 15:37:13 [1;33;49m未知的移动方式，无法识别，请手动维护路径。[0;39;49m
2024-08-09 15:37:14 [1;33;49m未知的移动方式，无法识别，请手动维护路径。[0;39;49m
2024-08-09 15:37:14 [1;33;49m未知的移动方式，无法识别，请手动维护路径。[0;39;49m
2024-08-09 15:37:14 [1;33;49m未知的移动方式，无法识别，请手动维护路径。[0;39;49m
2024-08-09 15:37:14 [1;33;49m未知的移动方式，无法识别，请手动维护路径。[0;39;49m
2024-08-09 15:37:14 [1;33;49m未知的移动方式，无法识别，请手动维护路径。[0;39;49m
2024-08-09 15:37:14 [1;33;49m未知的移动方式，无法识别，请手动维护路径。[0;39;49m
2024-08-09 15:37:15 [1;33;49m未知的移动方式，无法识别，请手动维护路径。[0;39;49m
2024-08-09 15:37:15 [1;33;49m未知的移动方式，无法识别，请手动维护路径。[0;39;49m
2024-08-09 15:37:15 [1;33;49m未知的移动方式，无法识别，请手动维护路径。[0;39;49m
2024-08-09 15:37:15 [1;33;49m未知的移动方式，无法识别，请手动维护路径。[0;39;49m
2024-08-09 15:37:15 [1;33;49m未知的移动方式，无法识别，请手动维护路径。[0;39;49m
2024-08-09 15:37:15 [1;33;49m未知的移动方式，无法识别，请手动维护路径。[0;39;49m
2024-08-09 15:37:16 [1;33;49m未知的移动方式，无法识别，请手动维护路径。[0;39;49m
2024-08-09 15:37:16 [1;33;49m未知的移动方式，无法识别，请手动维护路径。[0;39;49m
2024-08-09 15:37:16 [1;33;49m未知的移动方式，无法识别，请手动维护路径。[0;39;49m
2024-08-09 15:37:16 [1;33;49m未知的移动方式，无法识别，请手动维护路径。[0;39;49m
2024-08-09 15:37:16 [1;33;49m未知的移动方式，无法识别，请手动维护路径。[0;39;49m
2024-08-09 15:37:16 [1;33;49m未知的移动方式，无法识别，请手动维护路径。[0;39;49m
2024-08-09 15:37:17 [1;33;49m未知的移动方式，无法识别，请手动维护路径。[0;39;49m
2024-08-09 15:37:17 [1;33;49m未知的移动方式，无法识别，请手动维护路径。[0;39;49m
2024-08-09 15:37:17 [1;33;49m未知的移动方式，无法识别，请手动维护路径。[0;39;49m
2024-08-09 15:37:17 [1;33;49m未知的移动方式，无法识别，请手动维护路径。[0;39;49m
2024-08-09 15:37:17 [1;33;49m未知的移动方式，无法识别，请手动维护路径。[0;39;49m
2024-08-09 15:37:17 [1;33;49m未知的移动方式，无法识别，请手动维护路径。[0;39;49m
2024-08-09 15:37:18 [1;33;49m未知的移动方式，无法识别，请手动维护路径。[0;39;49m
2024-08-09 15:37:18 [1;33;49m未知的移动方式，无法识别，请手动维护路径。[0;39;49m
2024-08-09 15:37:18 [1;33;49m未知的移动方式，无法识别，请手动维护路径。[0;39;49m
2024-08-09 15:37:18 [1;33;49m未知的移动方式，无法识别，请手动维护路径。[0;39;49m
2024-08-09 15:37:18 [1;33;49m未知的移动方式，无法识别，请手动维护路径。[0;39;49m
2024-08-09 15:37:18 [1;33;49m未知的移动方式，无法识别，请手动维护路径。[0;39;49m
2024-08-09 15:37:19 [1;33;49m未知的移动方式，无法识别，请手动维护路径。[0;39;49m
2024-08-09 15:37:19 [1;33;49m未知的移动方式，无法识别，请手动维护路径。[0;39;49m
2024-08-09 15:37:19 [1;33;49m未知的移动方式，无法识别，请手动维护路径。[0;39;49m
2024-08-09 15:37:20 [1;33;49m未知的移动方式，无法识别，请手动维护路径。[0;39;49m
2024-08-09 15:37:20 [1;33;49m未知的移动方式，无法识别，请手动维护路径。[0;39;49m
2024-08-09 15:37:20 [1;33;49m未知的移动方式，无法识别，请手动维护路径。[0;39;49m
2024-08-09 15:37:21 [1;33;49m未知的移动方式，无法识别，请手动维护路径。[0;39;49m
2024-08-09 15:37:21 [1;33;49m未知的移动方式，无法识别，请手动维护路径。[0;39;49m
2024-08-09 15:37:21 [1;33;49m未知的移动方式，无法识别，请手动维护路径。[0;39;49m
2024-08-09 15:37:21 [1;33;49m未知的移动方式，无法识别，请手动维护路径。[0;39;49m
2024-08-09 15:37:21 [1;33;49m未知的移动方式，无法识别，请手动维护路径。[0;39;49m
2024-08-09 15:37:21 [1;33;49m未知的移动方式，无法识别，请手动维护路径。[0;39;49m
2024-08-09 15:37:22 [1;33;49m未知的移动方式，无法识别，请手动维护路径。[0;39;49m
2024-08-09 15:37:22 [1;33;49m未知的移动方式，无法识别，请手动维护路径。[0;39;49m
2024-08-09 15:37:22 [1;33;49m未知的移动方式，无法识别，请手动维护路径。[0;39;49m
2024-08-09 15:37:22 [1;33;49m未知的移动方式，无法识别，请手动维护路径。[0;39;49m
2024-08-09 15:37:22 [1;33;49m未知的移动方式，无法识别，请手动维护路径。[0;39;49m
2024-08-09 15:37:22 [1;33;49m未知的移动方式，无法识别，请手动维护路径。[0;39;49m
2024-08-09 15:37:23 [1;33;49m未知的移动方式，无法识别，请手动维护路径。[0;39;49m
2024-08-09 15:37:23 [1;33;49m未知的移动方式，无法识别，请手动维护路径。[0;39;49m
2024-08-09 15:37:23 [1;33;49m未知的移动方式，无法识别，请手动维护路径。[0;39;49m
2024-08-09 15:37:23 [1;33;49m未知的移动方式，无法识别，请手动维护路径。[0;39;49m
2024-08-10 00:14:40 [1;33;49m出于美化需要，接下来你在屏幕上看到的内容可能和服务器实际传送的内容不一致。[0;39;49m
2024-08-10 00:14:40 [1;33;49m这可能会给编写触发带来困扰，此时你可以通过快捷键或者 beautify.Off 暂时禁用美化。[0;39;49m
2024-08-10 11:33:25 [1;33;49m出于美化需要，接下来你在屏幕上看到的内容可能和服务器实际传送的内容不一致。[0;39;49m
2024-08-10 11:33:25 [1;33;49m这可能会给编写触发带来困扰，此时你可以通过快捷键或者 beautify.Off 暂时禁用美化。[0;39;49m
2024-08-10 11:38:01 [1;33;49m出于美化需要，接下来你在屏幕上看到的内容可能和服务器实际传送的内容不一致。[0;39;49m
2024-08-10 11:38:01 [1;33;49m这可能会给编写触发带来困扰，此时你可以通过快捷键或者 beautify.Off 暂时禁用美化。[0;39;49m
2024-08-10 11:47:51 [1;33;49m出于美化需要，接下来你在屏幕上看到的内容可能和服务器实际传送的内容不一致。[0;39;49m
2024-08-10 11:47:51 [1;33;49m这可能会给编写触发带来困扰，此时你可以通过快捷键或者 beautify.Off 暂时禁用美化。[0;39;49m
2024-08-10 12:00:26 [1;33;49m出于美化需要，接下来你在屏幕上看到的内容可能和服务器实际传送的内容不一致。[0;39;49m
2024-08-10 12:00:26 [1;33;49m这可能会给编写触发带来困扰，此时你可以通过快捷键或者 beautify.Off 暂时禁用美化。[0;39;49m
2024-08-10 12:48:32 [1;33;49m出于美化需要，接下来你在屏幕上看到的内容可能和服务器实际传送的内容不一致。[0;39;49m
2024-08-10 12:48:32 [1;33;49m这可能会给编写触发带来困扰，此时你可以通过快捷键或者 beautify.Off 暂时禁用美化。[0;39;49m
2024-08-10 19:08:01 [1;33;49m出于美化需要，接下来你在屏幕上看到的内容可能和服务器实际传送的内容不一致。[0;39;49m
2024-08-10 19:08:01 [1;33;49m这可能会给编写触发带来困扰，此时你可以通过快捷键或者 beautify.Off 暂时禁用美化。[0;39;49m
2024-08-10 19:13:39 [1;33;49m出于美化需要，接下来你在屏幕上看到的内容可能和服务器实际传送的内容不一致。[0;39;49m
2024-08-10 19:13:39 [1;33;49m这可能会给编写触发带来困扰，此时你可以通过快捷键或者 beautify.Off 暂时禁用美化。[0;39;49m
2024-08-11 00:24:21 [1;33;49m出于美化需要，接下来你在屏幕上看到的内容可能和服务器实际传送的内容不一致。[0;39;49m
2024-08-11 00:24:21 [1;33;49m这可能会给编写触发带来困扰，此时你可以通过快捷键或者 beautify.Off 暂时禁用美化。[0;39;49m
2024-08-11 00:30:10 [1;33;49m出于美化需要，接下来你在屏幕上看到的内容可能和服务器实际传送的内容不一致。[0;39;49m
2024-08-11 00:30:10 [1;33;49m这可能会给编写触发带来困扰，此时你可以通过快捷键或者 beautify.Off 暂时禁用美化。[0;39;49m
2024-08-11 00:30:19 [1;33;49m出于美化需要，接下来你在屏幕上看到的内容可能和服务器实际传送的内容不一致。[0;39;49m
2024-08-11 00:30:19 [1;33;49m这可能会给编写触发带来困扰，此时你可以通过快捷键或者 beautify.Off 暂时禁用美化。[0;39;49m
2024-08-11 00:34:14 [1;33;49m出于美化需要，接下来你在屏幕上看到的内容可能和服务器实际传送的内容不一致。[0;39;49m
2024-08-11 00:34:14 [1;33;49m这可能会给编写触发带来困扰，此时你可以通过快捷键或者 beautify.Off 暂时禁用美化。[0;39;49m
2024-08-12 10:23:13 [1;33;49m出于美化需要，接下来你在屏幕上看到的内容可能和服务器实际传送的内容不一致。[0;39;49m
2024-08-12 10:23:13 [1;33;49m这可能会给编写触发带来困扰，此时你可以通过快捷键或者 beautify.Off 暂时禁用美化。[0;39;49m
2024-08-12 14:36:36 [1;33;49m出于美化需要，接下来你在屏幕上看到的内容可能和服务器实际传送的内容不一致。[0;39;49m
2024-08-12 14:36:36 [1;33;49m这可能会给编写触发带来困扰，此时你可以通过快捷键或者 beautify.Off 暂时禁用美化。[0;39;49m
2024-08-12 14:44:52 [1;33;49m出于美化需要，接下来你在屏幕上看到的内容可能和服务器实际传送的内容不一致。[0;39;49m
2024-08-12 14:44:52 [1;33;49m这可能会给编写触发带来困扰，此时你可以通过快捷键或者 beautify.Off 暂时禁用美化。[0;39;49m
2024-08-12 18:09:27 [1;33;49m出于美化需要，接下来你在屏幕上看到的内容可能和服务器实际传送的内容不一致。[0;39;49m
2024-08-12 18:09:27 [1;33;49m这可能会给编写触发带来困扰，此时你可以通过快捷键或者 beautify.Off 暂时禁用美化。[0;39;49m
2024-08-12 18:17:09 [1;33;49m出于美化需要，接下来你在屏幕上看到的内容可能和服务器实际传送的内容不一致。[0;39;49m
2024-08-12 18:17:09 [1;33;49m这可能会给编写触发带来困扰，此时你可以通过快捷键或者 beautify.Off 暂时禁用美化。[0;39;49m
2024-08-12 18:47:57 [1;33;49m出于美化需要，接下来你在屏幕上看到的内容可能和服务器实际传送的内容不一致。[0;39;49m
2024-08-12 18:47:57 [1;33;49m这可能会给编写触发带来困扰，此时你可以通过快捷键或者 beautify.Off 暂时禁用美化。[0;39;49m
2024-08-12 19:07:15 [1;33;49m出于美化需要，接下来你在屏幕上看到的内容可能和服务器实际传送的内容不一致。[0;39;49m
2024-08-12 19:07:15 [1;33;49m这可能会给编写触发带来困扰，此时你可以通过快捷键或者 beautify.Off 暂时禁用美化。[0;39;49m
2024-08-12 19:18:13 [1;33;49m出于美化需要，接下来你在屏幕上看到的内容可能和服务器实际传送的内容不一致。[0;39;49m
2024-08-12 19:18:13 [1;33;49m这可能会给编写触发带来困扰，此时你可以通过快捷键或者 beautify.Off 暂时禁用美化。[0;39;49m
2024-08-12 23:55:43 [1;33;49m出于美化需要，接下来你在屏幕上看到的内容可能和服务器实际传送的内容不一致。[0;39;49m
2024-08-12 23:55:43 [1;33;49m这可能会给编写触发带来困扰，此时你可以通过快捷键或者 beautify.Off 暂时禁用美化。[0;39;49m
2024-08-13 20:33:42 [1;33;49m出于美化需要，接下来你在屏幕上看到的内容可能和服务器实际传送的内容不一致。[0;39;49m
2024-08-13 20:33:42 [1;33;49m这可能会给编写触发带来困扰，此时你可以通过快捷键或者 beautify.Off 暂时禁用美化。[0;39;49m
2024-08-14 10:44:06 [1;33;49m出于美化需要，接下来你在屏幕上看到的内容可能和服务器实际传送的内容不一致。[0;39;49m
2024-08-14 10:44:06 [1;33;49m这可能会给编写触发带来困扰，此时你可以通过快捷键或者 beautify.Off 暂时禁用美化。[0;39;49m
2024-08-14 14:58:46 [1;33;49m出于美化需要，接下来你在屏幕上看到的内容可能和服务器实际传送的内容不一致。[0;39;49m
2024-08-14 14:58:46 [1;33;49m这可能会给编写触发带来困扰，此时你可以通过快捷键或者 beautify.Off 暂时禁用美化。[0;39;49m
2024-08-14 16:05:45 [1;33;49m出于美化需要，接下来你在屏幕上看到的内容可能和服务器实际传送的内容不一致。[0;39;49m
2024-08-14 16:05:45 [1;33;49m这可能会给编写触发带来困扰，此时你可以通过快捷键或者 beautify.Off 暂时禁用美化。[0;39;49m
2024-08-14 16:13:30 [1;33;49m出于美化需要，接下来你在屏幕上看到的内容可能和服务器实际传送的内容不一致。[0;39;49m
2024-08-14 16:13:30 [1;33;49m这可能会给编写触发带来困扰，此时你可以通过快捷键或者 beautify.Off 暂时禁用美化。[0;39;49m
2024-08-14 17:06:48 [1;33;49m也许你还想看看：[0;39;49m
2024-08-14 17:22:23 [1;33;49m找到 16 个关键字，我猜你想看的是 [1;31;49mpath.Get[1;32;49m@basic/map[22;39;49m[0;39;49m
2024-08-14 17:22:23 [1;33;49m也许你还想看看：[0;39;49m
2024-08-14 17:53:59 [1;33;49m也许你还想看看：[0;39;49m
2024-08-14 18:28:07 [1;33;49m出于美化需要，接下来你在屏幕上看到的内容可能和服务器实际传送的内容不一致。[0;39;49m
2024-08-14 18:28:07 [1;33;49m这可能会给编写触发带来困扰，此时你可以通过快捷键或者 beautify.Off 暂时禁用美化。[0;39;49m
2024-08-14 19:43:28 [1;33;49m出于美化需要，接下来你在屏幕上看到的内容可能和服务器实际传送的内容不一致。[0;39;49m
2024-08-14 19:43:28 [1;33;49m这可能会给编写触发带来困扰，此时你可以通过快捷键或者 beautify.Off 暂时禁用美化。[0;39;49m
2024-08-14 19:47:18 [1;33;49m出于美化需要，接下来你在屏幕上看到的内容可能和服务器实际传送的内容不一致。[0;39;49m
2024-08-14 19:47:18 [1;33;49m这可能会给编写触发带来困扰，此时你可以通过快捷键或者 beautify.Off 暂时禁用美化。[0;39;49m
2024-08-14 19:49:34 [1;33;49m出于美化需要，接下来你在屏幕上看到的内容可能和服务器实际传送的内容不一致。[0;39;49m
2024-08-14 19:49:34 [1;33;49m这可能会给编写触发带来困扰，此时你可以通过快捷键或者 beautify.Off 暂时禁用美化。[0;39;49m
2024-08-14 19:50:12 [1;33;49m出于美化需要，接下来你在屏幕上看到的内容可能和服务器实际传送的内容不一致。[0;39;49m
2024-08-14 19:50:12 [1;33;49m这可能会给编写触发带来困扰，此时你可以通过快捷键或者 beautify.Off 暂时禁用美化。[0;39;49m
2024-08-14 19:59:38 [1;33;49m也许你还想看看：[0;39;49m
2024-08-14 20:04:24 [1;33;49m出于美化需要，接下来你在屏幕上看到的内容可能和服务器实际传送的内容不一致。[0;39;49m
2024-08-14 20:04:24 [1;33;49m这可能会给编写触发带来困扰，此时你可以通过快捷键或者 beautify.Off 暂时禁用美化。[0;39;49m
2024-08-14 20:04:39 [1;33;49m出于美化需要，接下来你在屏幕上看到的内容可能和服务器实际传送的内容不一致。[0;39;49m
2024-08-14 20:04:39 [1;33;49m这可能会给编写触发带来困扰，此时你可以通过快捷键或者 beautify.Off 暂时禁用美化。[0;39;49m
2024-08-14 21:54:58 [1;33;49m出于美化需要，接下来你在屏幕上看到的内容可能和服务器实际传送的内容不一致。[0;39;49m
2024-08-14 21:54:58 [1;33;49m这可能会给编写触发带来困扰，此时你可以通过快捷键或者 beautify.Off 暂时禁用美化。[0;39;49m
2024-08-14 23:16:26 [1;33;49m出于美化需要，接下来你在屏幕上看到的内容可能和服务器实际传送的内容不一致。[0;39;49m
2024-08-14 23:16:26 [1;33;49m这可能会给编写触发带来困扰，此时你可以通过快捷键或者 beautify.Off 暂时禁用美化。[0;39;49m
2024-08-15 17:12:16 [1;33;49m出于美化需要，接下来你在屏幕上看到的内容可能和服务器实际传送的内容不一致。[0;39;49m
2024-08-15 17:12:16 [1;33;49m这可能会给编写触发带来困扰，此时你可以通过快捷键或者 beautify.Off 暂时禁用美化。[0;39;49m
2024-08-15 17:23:58 [1;33;49m未知的移动方式，无法识别，请手动维护路径。[0;39;49m
2024-08-15 19:57:01 [1;33;49m出于美化需要，接下来你在屏幕上看到的内容可能和服务器实际传送的内容不一致。[0;39;49m
2024-08-15 19:57:01 [1;33;49m这可能会给编写触发带来困扰，此时你可以通过快捷键或者 beautify.Off 暂时禁用美化。[0;39;49m
2024-08-15 20:34:58 [1;33;49m出于美化需要，接下来你在屏幕上看到的内容可能和服务器实际传送的内容不一致。[0;39;49m
2024-08-15 20:34:58 [1;33;49m这可能会给编写触发带来困扰，此时你可以通过快捷键或者 beautify.Off 暂时禁用美化。[0;39;49m
2024-08-15 20:38:33 [1;33;49m出于美化需要，接下来你在屏幕上看到的内容可能和服务器实际传送的内容不一致。[0;39;49m
2024-08-15 20:38:33 [1;33;49m这可能会给编写触发带来困扰，此时你可以通过快捷键或者 beautify.Off 暂时禁用美化。[0;39;49m
2024-08-15 22:02:21 [1;33;49m出于美化需要，接下来你在屏幕上看到的内容可能和服务器实际传送的内容不一致。[0;39;49m
2024-08-15 22:02:21 [1;33;49m这可能会给编写触发带来困扰，此时你可以通过快捷键或者 beautify.Off 暂时禁用美化。[0;39;49m
2024-08-16 10:21:34 [1;33;49m出于美化需要，接下来你在屏幕上看到的内容可能和服务器实际传送的内容不一致。[0;39;49m
2024-08-16 10:21:34 [1;33;49m这可能会给编写触发带来困扰，此时你可以通过快捷键或者 beautify.Off 暂时禁用美化。[0;39;49m
2024-08-16 11:10:22 [1;33;49m出于美化需要，接下来你在屏幕上看到的内容可能和服务器实际传送的内容不一致。[0;39;49m
2024-08-16 11:10:22 [1;33;49m这可能会给编写触发带来困扰，此时你可以通过快捷键或者 beautify.Off 暂时禁用美化。[0;39;49m
2024-08-16 11:18:24 [1;33;49m出于美化需要，接下来你在屏幕上看到的内容可能和服务器实际传送的内容不一致。[0;39;49m
2024-08-16 11:18:24 [1;33;49m这可能会给编写触发带来困扰，此时你可以通过快捷键或者 beautify.Off 暂时禁用美化。[0;39;49m
2024-08-16 13:57:42 [1;33;49m出于美化需要，接下来你在屏幕上看到的内容可能和服务器实际传送的内容不一致。[0;39;49m
2024-08-16 13:57:42 [1;33;49m这可能会给编写触发带来困扰，此时你可以通过快捷键或者 beautify.Off 暂时禁用美化。[0;39;49m
2024-08-16 16:32:49 [1;33;49m出于美化需要，接下来你在屏幕上看到的内容可能和服务器实际传送的内容不一致。[0;39;49m
2024-08-16 16:32:49 [1;33;49m这可能会给编写触发带来困扰，此时你可以通过快捷键或者 beautify.Off 暂时禁用美化。[0;39;49m
2024-08-16 16:46:45 [1;33;49m出于美化需要，接下来你在屏幕上看到的内容可能和服务器实际传送的内容不一致。[0;39;49m
2024-08-16 16:46:45 [1;33;49m这可能会给编写触发带来困扰，此时你可以通过快捷键或者 beautify.Off 暂时禁用美化。[0;39;49m
2024-08-16 18:30:26 [1;33;49m出于美化需要，接下来你在屏幕上看到的内容可能和服务器实际传送的内容不一致。[0;39;49m
2024-08-16 18:30:26 [1;33;49m这可能会给编写触发带来困扰，此时你可以通过快捷键或者 beautify.Off 暂时禁用美化。[0;39;49m
2024-08-16 18:47:34 [1;33;49m出于美化需要，接下来你在屏幕上看到的内容可能和服务器实际传送的内容不一致。[0;39;49m
2024-08-16 18:47:34 [1;33;49m这可能会给编写触发带来困扰，此时你可以通过快捷键或者 beautify.Off 暂时禁用美化。[0;39;49m
2024-08-16 19:07:43 [1;33;49m出于美化需要，接下来你在屏幕上看到的内容可能和服务器实际传送的内容不一致。[0;39;49m
2024-08-16 19:07:43 [1;33;49m这可能会给编写触发带来困扰，此时你可以通过快捷键或者 beautify.Off 暂时禁用美化。[0;39;49m
2024-08-16 19:26:29 [1;33;49m出于美化需要，接下来你在屏幕上看到的内容可能和服务器实际传送的内容不一致。[0;39;49m
2024-08-16 19:26:29 [1;33;49m这可能会给编写触发带来困扰，此时你可以通过快捷键或者 beautify.Off 暂时禁用美化。[0;39;49m
2024-08-16 19:42:49 [1;33;49m出于美化需要，接下来你在屏幕上看到的内容可能和服务器实际传送的内容不一致。[0;39;49m
2024-08-16 19:42:49 [1;33;49m这可能会给编写触发带来困扰，此时你可以通过快捷键或者 beautify.Off 暂时禁用美化。[0;39;49m
2024-08-16 19:55:22 [1;33;49m出于美化需要，接下来你在屏幕上看到的内容可能和服务器实际传送的内容不一致。[0;39;49m
2024-08-16 19:55:22 [1;33;49m这可能会给编写触发带来困扰，此时你可以通过快捷键或者 beautify.Off 暂时禁用美化。[0;39;49m
2024-08-16 21:51:24 [1;33;49m出于美化需要，接下来你在屏幕上看到的内容可能和服务器实际传送的内容不一致。[0;39;49m
2024-08-16 21:51:24 [1;33;49m这可能会给编写触发带来困扰，此时你可以通过快捷键或者 beautify.Off 暂时禁用美化。[0;39;49m
2024-08-16 22:14:23 [1;33;49m出于美化需要，接下来你在屏幕上看到的内容可能和服务器实际传送的内容不一致。[0;39;49m
2024-08-16 22:14:23 [1;33;49m这可能会给编写触发带来困扰，此时你可以通过快捷键或者 beautify.Off 暂时禁用美化。[0;39;49m
2024-08-17 16:55:36 [1;33;49m出于美化需要，接下来你在屏幕上看到的内容可能和服务器实际传送的内容不一致。[0;39;49m
2024-08-17 16:55:36 [1;33;49m这可能会给编写触发带来困扰，此时你可以通过快捷键或者 beautify.Off 暂时禁用美化。[0;39;49m
2024-08-17 17:01:05 [1;33;49m出于美化需要，接下来你在屏幕上看到的内容可能和服务器实际传送的内容不一致。[0;39;49m
2024-08-17 17:01:05 [1;33;49m这可能会给编写触发带来困扰，此时你可以通过快捷键或者 beautify.Off 暂时禁用美化。[0;39;49m
2024-08-17 17:09:49 [1;33;49m出于美化需要，接下来你在屏幕上看到的内容可能和服务器实际传送的内容不一致。[0;39;49m
2024-08-17 17:09:49 [1;33;49m这可能会给编写触发带来困扰，此时你可以通过快捷键或者 beautify.Off 暂时禁用美化。[0;39;49m
2024-08-17 17:12:37 [1;33;49m出于美化需要，接下来你在屏幕上看到的内容可能和服务器实际传送的内容不一致。[0;39;49m
2024-08-17 17:12:37 [1;33;49m这可能会给编写触发带来困扰，此时你可以通过快捷键或者 beautify.Off 暂时禁用美化。[0;39;49m
2024-08-17 17:32:42 [1;33;49m出于美化需要，接下来你在屏幕上看到的内容可能和服务器实际传送的内容不一致。[0;39;49m
2024-08-17 17:32:42 [1;33;49m这可能会给编写触发带来困扰，此时你可以通过快捷键或者 beautify.Off 暂时禁用美化。[0;39;49m
2024-08-17 17:36:00 [1;33;49m出于美化需要，接下来你在屏幕上看到的内容可能和服务器实际传送的内容不一致。[0;39;49m
2024-08-17 17:36:00 [1;33;49m这可能会给编写触发带来困扰，此时你可以通过快捷键或者 beautify.Off 暂时禁用美化。[0;39;49m
2024-08-17 17:48:13 [1;33;49m出于美化需要，接下来你在屏幕上看到的内容可能和服务器实际传送的内容不一致。[0;39;49m
2024-08-17 17:48:13 [1;33;49m这可能会给编写触发带来困扰，此时你可以通过快捷键或者 beautify.Off 暂时禁用美化。[0;39;49m
2024-08-17 18:20:55 [1;33;49m出于美化需要，接下来你在屏幕上看到的内容可能和服务器实际传送的内容不一致。[0;39;49m
2024-08-17 18:20:55 [1;33;49m这可能会给编写触发带来困扰，此时你可以通过快捷键或者 beautify.Off 暂时禁用美化。[0;39;49m
2024-08-17 18:40:27 [1;33;49m出于美化需要，接下来你在屏幕上看到的内容可能和服务器实际传送的内容不一致。[0;39;49m
2024-08-17 18:40:27 [1;33;49m这可能会给编写触发带来困扰，此时你可以通过快捷键或者 beautify.Off 暂时禁用美化。[0;39;49m
2024-08-17 19:09:01 [1;33;49m你来到了「剑心居」。[0;39;49m
2024-08-17 19:09:03 [1;33;49m你来到了「剑心居」，你不忙。[0;39;49m
2024-08-17 20:35:34 [1;33;49m出于美化需要，接下来你在屏幕上看到的内容可能和服务器实际传送的内容不一致。[0;39;49m
2024-08-17 20:35:34 [1;33;49m这可能会给编写触发带来困扰，此时你可以通过快捷键或者 beautify.Off 暂时禁用美化。[0;39;49m
2024-08-17 20:37:00 [1;33;49m出于美化需要，接下来你在屏幕上看到的内容可能和服务器实际传送的内容不一致。[0;39;49m
2024-08-17 20:37:00 [1;33;49m这可能会给编写触发带来困扰，此时你可以通过快捷键或者 beautify.Off 暂时禁用美化。[0;39;49m
2024-08-17 21:32:12 [1;33;49m找到 16 个关键字，我猜你想看的是 [1;31;49mpath.Get[1;32;49m@basic/map[22;39;49m[0;39;49m
2024-08-17 21:32:12 [1;33;49m也许你还想看看：[0;39;49m
2024-08-17 21:41:22 [1;33;49m出于美化需要，接下来你在屏幕上看到的内容可能和服务器实际传送的内容不一致。[0;39;49m
2024-08-17 21:41:22 [1;33;49m这可能会给编写触发带来困扰，此时你可以通过快捷键或者 beautify.Off 暂时禁用美化。[0;39;49m
2024-08-17 21:46:53 [1;33;49m出于美化需要，接下来你在屏幕上看到的内容可能和服务器实际传送的内容不一致。[0;39;49m
2024-08-17 21:46:53 [1;33;49m这可能会给编写触发带来困扰，此时你可以通过快捷键或者 beautify.Off 暂时禁用美化。[0;39;49m
2024-08-17 22:02:01 [1;33;49m你来到了「剑心居」。[0;39;49m
2024-08-17 22:02:02 [1;33;49m你来到了「剑心居」，你不忙。[0;39;49m
2024-08-17 22:34:23 [1;33;49m你来到了「剑心居」。[0;39;49m
2024-08-17 22:34:24 [1;33;49m你来到了「剑心居」，你不忙。[0;39;49m
2024-08-17 23:58:50 [1;33;49m出于美化需要，接下来你在屏幕上看到的内容可能和服务器实际传送的内容不一致。[0;39;49m
2024-08-17 23:58:50 [1;33;49m这可能会给编写触发带来困扰，此时你可以通过快捷键或者 beautify.Off 暂时禁用美化。[0;39;49m
2024-08-18 00:47:29 [1;33;49m出于美化需要，接下来你在屏幕上看到的内容可能和服务器实际传送的内容不一致。[0;39;49m
2024-08-18 00:47:29 [1;33;49m这可能会给编写触发带来困扰，此时你可以通过快捷键或者 beautify.Off 暂时禁用美化。[0;39;49m
2024-08-18 00:48:43 [1;33;49m出于美化需要，接下来你在屏幕上看到的内容可能和服务器实际传送的内容不一致。[0;39;49m
2024-08-18 00:48:43 [1;33;49m这可能会给编写触发带来困扰，此时你可以通过快捷键或者 beautify.Off 暂时禁用美化。[0;39;49m
2024-08-18 09:36:44 [1;33;49m出于美化需要，接下来你在屏幕上看到的内容可能和服务器实际传送的内容不一致。[0;39;49m
2024-08-18 09:36:44 [1;33;49m这可能会给编写触发带来困扰，此时你可以通过快捷键或者 beautify.Off 暂时禁用美化。[0;39;49m
2024-08-18 09:41:30 [1;33;49m你来到了「剑心居」。[0;39;49m
2024-08-18 09:41:31 [1;33;49m你来到了「剑心居」，你不忙。[0;39;49m
2024-08-18 10:33:41 [1;33;49m出于美化需要，接下来你在屏幕上看到的内容可能和服务器实际传送的内容不一致。[0;39;49m
2024-08-18 10:33:41 [1;33;49m这可能会给编写触发带来困扰，此时你可以通过快捷键或者 beautify.Off 暂时禁用美化。[0;39;49m
2024-08-18 10:38:53 [1;33;49m你来到了「剑心居」。[0;39;49m
2024-08-18 10:38:54 [1;33;49m你来到了「剑心居」，你不忙。[0;39;49m
2024-08-18 14:24:10 [1;33;49m也许你还想看看：[0;39;49m
2024-08-18 15:22:53 [1;33;49m出于美化需要，接下来你在屏幕上看到的内容可能和服务器实际传送的内容不一致。[0;39;49m
2024-08-18 15:22:53 [1;33;49m这可能会给编写触发带来困扰，此时你可以通过快捷键或者 beautify.Off 暂时禁用美化。[0;39;49m
2024-08-18 15:25:18 [1;33;49m你来到了「剑心居」。[0;39;49m
2024-08-18 15:25:18 [1;33;49m你来到了「剑心居」，你不忙。[0;39;49m
2024-08-18 15:26:23 [1;33;49m你来到了「剑心居」。[0;39;49m
2024-08-18 15:26:24 [1;33;49m你来到了「剑心居」，你不忙。[0;39;49m
2024-08-18 18:30:26 [1;33;49m所有定时器、触发器和事件句柄已被禁用。[0;39;49m
2024-08-18 18:30:26 [1;33;49m600 秒后自动解除该状态。[0;39;49m
2024-08-18 18:33:06 [1;33;49m你来到了「剑心居」。[0;39;49m
2024-08-18 18:33:08 [1;33;49m你来到了「剑心居」，你不忙。[0;39;49m
2024-08-18 20:55:59 [1;33;49m疑似未知掉落物「宽的柏柴/sancun bochai」，单位为「寸」，请确认。[0;39;49m
2024-08-18 20:55:59 [1;33;49m疑似未知掉落物「宽的杨柴/liangcun yangchai」，单位为「寸」，请确认。[0;39;49m
2024-08-18 20:55:59 [1;33;49m疑似未知掉落物「书信/letter」，单位为「封」，请确认。[0;39;49m
2024-08-18 20:56:02 [1;33;49m疑似未知掉落物「宽的杨柴/liangcun yangchai」，单位为「寸」，请确认。[0;39;49m
2024-08-18 20:56:02 [1;33;49m疑似未知掉落物「书信/letter」，单位为「封」，请确认。[0;39;49m
2024-08-18 20:56:25 [1;33;49m疑似未知掉落物「宽的杨柴/liangcun yangchai」，单位为「寸」，请确认。[0;39;49m
2024-08-18 20:56:25 [1;33;49m疑似未知掉落物「书信/letter」，单位为「封」，请确认。[0;39;49m
2024-08-18 20:57:35 [1;33;49m疑似未知掉落物「宽的杨柴/liangcun yangchai」，单位为「寸」，请确认。[0;39;49m
2024-08-18 20:57:35 [1;33;49m疑似未知掉落物「书信/letter」，单位为「封」，请确认。[0;39;49m
2024-08-18 20:57:55 [1;33;49m疑似未知掉落物「宽的杨柴/liangcun yangchai」，单位为「寸」，请确认。[0;39;49m
2024-08-18 20:57:55 [1;33;49m疑似未知掉落物「书信/letter」，单位为「封」，请确认。[0;39;49m
2024-08-18 20:58:00 [1;33;49m疑似未知掉落物「宽的杨柴/liangcun yangchai」，单位为「寸」，请确认。[0;39;49m
2024-08-18 20:58:00 [1;33;49m疑似未知掉落物「书信/letter」，单位为「封」，请确认。[0;39;49m
2024-08-18 20:58:07 [1;33;49m疑似未知掉落物「宽的杨柴/liangcun yangchai」，单位为「寸」，请确认。[0;39;49m
2024-08-18 20:58:07 [1;33;49m疑似未知掉落物「书信/letter」，单位为「封」，请确认。[0;39;49m
2024-08-18 20:58:14 [1;33;49m疑似未知掉落物「宽的杨柴/liangcun yangchai」，单位为「寸」，请确认。[0;39;49m
2024-08-18 20:58:14 [1;33;49m疑似未知掉落物「书信/letter」，单位为「封」，请确认。[0;39;49m
2024-08-18 20:58:23 [1;33;49m疑似未知掉落物「宽的杨柴/liangcun yangchai」，单位为「寸」，请确认。[0;39;49m
2024-08-18 20:58:23 [1;33;49m疑似未知掉落物「书信/letter」，单位为「封」，请确认。[0;39;49m
2024-08-18 20:58:28 [1;33;49m疑似未知掉落物「宽的杨柴/liangcun yangchai」，单位为「寸」，请确认。[0;39;49m
2024-08-18 20:58:28 [1;33;49m疑似未知掉落物「书信/letter」，单位为「封」，请确认。[0;39;49m
2024-08-18 20:58:36 [1;33;49m疑似未知掉落物「宽的杨柴/liangcun yangchai」，单位为「寸」，请确认。[0;39;49m
2024-08-18 20:58:36 [1;33;49m疑似未知掉落物「书信/letter」，单位为「封」，请确认。[0;39;49m
2024-08-18 20:58:36 [1;33;49m疑似未知掉落物「宽的杨柴/liangcun yangchai」，单位为「寸」，请确认。[0;39;49m
2024-08-18 20:58:36 [1;33;49m疑似未知掉落物「书信/letter」，单位为「封」，请确认。[0;39;49m
2024-08-18 20:58:44 [1;33;49m疑似未知掉落物「宽的杨柴/liangcun yangchai」，单位为「寸」，请确认。[0;39;49m
2024-08-18 20:58:44 [1;33;49m疑似未知掉落物「书信/letter」，单位为「封」，请确认。[0;39;49m
2024-08-18 20:58:48 [1;33;49m疑似未知掉落物「宽的杨柴/liangcun yangchai」，单位为「寸」，请确认。[0;39;49m
2024-08-18 20:58:48 [1;33;49m疑似未知掉落物「书信/letter」，单位为「封」，请确认。[0;39;49m
2024-08-18 20:58:55 [1;33;49m疑似未知掉落物「宽的杨柴/liangcun yangchai」，单位为「寸」，请确认。[0;39;49m
2024-08-18 20:58:55 [1;33;49m疑似未知掉落物「书信/letter」，单位为「封」，请确认。[0;39;49m
2024-08-18 20:59:00 [1;33;49m疑似未知掉落物「宽的杨柴/liangcun yangchai」，单位为「寸」，请确认。[0;39;49m
2024-08-18 20:59:00 [1;33;49m疑似未知掉落物「书信/letter」，单位为「封」，请确认。[0;39;49m
2024-08-18 20:59:09 [1;33;49m疑似未知掉落物「宽的杨柴/liangcun yangchai」，单位为「寸」，请确认。[0;39;49m
2024-08-18 20:59:09 [1;33;49m疑似未知掉落物「书信/letter」，单位为「封」，请确认。[0;39;49m
2024-08-18 20:59:14 [1;33;49m疑似未知掉落物「宽的杨柴/liangcun yangchai」，单位为「寸」，请确认。[0;39;49m
2024-08-18 20:59:14 [1;33;49m疑似未知掉落物「书信/letter」，单位为「封」，请确认。[0;39;49m
2024-08-18 20:59:19 [1;33;49m疑似未知掉落物「宽的杨柴/liangcun yangchai」，单位为「寸」，请确认。[0;39;49m
2024-08-18 20:59:19 [1;33;49m疑似未知掉落物「书信/letter」，单位为「封」，请确认。[0;39;49m
2024-08-18 20:59:43 [1;33;49m疑似未知掉落物「宽的杨柴/liangcun yangchai」，单位为「寸」，请确认。[0;39;49m
2024-08-18 20:59:43 [1;33;49m疑似未知掉落物「书信/letter」，单位为「封」，请确认。[0;39;49m
2024-08-18 20:59:49 [1;33;49m疑似未知掉落物「宽的杨柴/liangcun yangchai」，单位为「寸」，请确认。[0;39;49m
2024-08-18 20:59:49 [1;33;49m疑似未知掉落物「书信/letter」，单位为「封」，请确认。[0;39;49m
2024-08-18 21:00:08 [1;33;49m疑似未知掉落物「宽的杨柴/liangcun yangchai」，单位为「寸」，请确认。[0;39;49m
2024-08-18 21:00:08 [1;33;49m疑似未知掉落物「书信/letter」，单位为「封」，请确认。[0;39;49m
2024-08-18 21:00:14 [1;33;49m疑似未知掉落物「宽的杨柴/liangcun yangchai」，单位为「寸」，请确认。[0;39;49m
2024-08-18 21:00:14 [1;33;49m疑似未知掉落物「书信/letter」，单位为「封」，请确认。[0;39;49m
2024-08-18 21:00:19 [1;33;49m疑似未知掉落物「宽的杨柴/liangcun yangchai」，单位为「寸」，请确认。[0;39;49m
2024-08-18 21:00:19 [1;33;49m疑似未知掉落物「书信/letter」，单位为「封」，请确认。[0;39;49m
2024-08-18 21:00:24 [1;33;49m疑似未知掉落物「宽的杨柴/liangcun yangchai」，单位为「寸」，请确认。[0;39;49m
2024-08-18 21:00:24 [1;33;49m疑似未知掉落物「书信/letter」，单位为「封」，请确认。[0;39;49m
2024-08-18 21:00:29 [1;33;49m疑似未知掉落物「宽的杨柴/liangcun yangchai」，单位为「寸」，请确认。[0;39;49m
2024-08-18 21:00:29 [1;33;49m疑似未知掉落物「书信/letter」，单位为「封」，请确认。[0;39;49m
2024-08-18 21:00:47 [1;33;49m疑似未知掉落物「宽的杨柴/liangcun yangchai」，单位为「寸」，请确认。[0;39;49m
2024-08-18 21:00:47 [1;33;49m疑似未知掉落物「书信/letter」，单位为「封」，请确认。[0;39;49m
2024-08-18 21:00:51 [1;33;49m疑似未知掉落物「宽的杨柴/liangcun yangchai」，单位为「寸」，请确认。[0;39;49m
2024-08-18 21:00:51 [1;33;49m疑似未知掉落物「书信/letter」，单位为「封」，请确认。[0;39;49m
2024-08-18 21:00:54 [1;33;49m疑似未知掉落物「宽的杨柴/liangcun yangchai」，单位为「寸」，请确认。[0;39;49m
2024-08-18 21:00:54 [1;33;49m疑似未知掉落物「书信/letter」，单位为「封」，请确认。[0;39;49m
2024-08-18 21:00:59 [1;33;49m疑似未知掉落物「宽的杨柴/liangcun yangchai」，单位为「寸」，请确认。[0;39;49m
2024-08-18 21:00:59 [1;33;49m疑似未知掉落物「书信/letter」，单位为「封」，请确认。[0;39;49m
2024-08-18 21:01:03 [1;33;49m疑似未知掉落物「宽的杨柴/liangcun yangchai」，单位为「寸」，请确认。[0;39;49m
2024-08-18 21:01:03 [1;33;49m疑似未知掉落物「书信/letter」，单位为「封」，请确认。[0;39;49m
2024-08-18 21:01:22 [1;33;49m疑似未知掉落物「宽的杨柴/liangcun yangchai」，单位为「寸」，请确认。[0;39;49m
2024-08-18 21:01:22 [1;33;49m疑似未知掉落物「书信/letter」，单位为「封」，请确认。[0;39;49m
2024-08-18 21:01:26 [1;33;49m疑似未知掉落物「宽的杨柴/liangcun yangchai」，单位为「寸」，请确认。[0;39;49m
2024-08-18 21:01:26 [1;33;49m疑似未知掉落物「书信/letter」，单位为「封」，请确认。[0;39;49m
2024-08-18 21:01:31 [1;33;49m疑似未知掉落物「宽的杨柴/liangcun yangchai」，单位为「寸」，请确认。[0;39;49m
2024-08-18 21:01:31 [1;33;49m疑似未知掉落物「书信/letter」，单位为「封」，请确认。[0;39;49m
2024-08-18 21:02:08 [1;33;49m疑似未知掉落物「宽的杨柴/liangcun yangchai」，单位为「寸」，请确认。[0;39;49m
2024-08-18 21:02:08 [1;33;49m疑似未知掉落物「书信/letter」，单位为「封」，请确认。[0;39;49m
2024-08-18 21:02:12 [1;33;49m疑似未知掉落物「宽的杨柴/liangcun yangchai」，单位为「寸」，请确认。[0;39;49m
2024-08-18 21:02:12 [1;33;49m疑似未知掉落物「书信/letter」，单位为「封」，请确认。[0;39;49m
2024-08-18 21:02:18 [1;33;49m疑似未知掉落物「宽的杨柴/liangcun yangchai」，单位为「寸」，请确认。[0;39;49m
2024-08-18 21:02:18 [1;33;49m疑似未知掉落物「书信/letter」，单位为「封」，请确认。[0;39;49m
2024-08-18 21:02:22 [1;33;49m疑似未知掉落物「宽的杨柴/liangcun yangchai」，单位为「寸」，请确认。[0;39;49m
2024-08-18 21:02:22 [1;33;49m疑似未知掉落物「书信/letter」，单位为「封」，请确认。[0;39;49m
2024-08-18 21:02:29 [1;33;49m疑似未知掉落物「宽的杨柴/liangcun yangchai」，单位为「寸」，请确认。[0;39;49m
2024-08-18 21:02:29 [1;33;49m疑似未知掉落物「书信/letter」，单位为「封」，请确认。[0;39;49m
2024-08-18 21:02:35 [1;33;49m疑似未知掉落物「宽的杨柴/liangcun yangchai」，单位为「寸」，请确认。[0;39;49m
2024-08-18 21:02:35 [1;33;49m疑似未知掉落物「书信/letter」，单位为「封」，请确认。[0;39;49m
2024-08-18 21:16:46 [1;33;49m找到 4 个关键字，我猜你想看的是 [1;31;49m__MODULE__[1;32;49m@basic/char/hp[22;39;49m[0;39;49m
2024-08-18 21:16:46 [1;33;49m也许你还想看看：[0;39;49m
2024-08-18 21:20:08 [1;33;49m疑似未知掉落物「宽的杨柴/liangcun yangchai」，单位为「寸」，请确认。[0;39;49m
2024-08-18 21:20:08 [1;33;49m疑似未知掉落物「书信/letter」，单位为「封」，请确认。[0;39;49m
2024-08-18 21:20:12 [1;33;49m疑似未知掉落物「宽的杨柴/liangcun yangchai」，单位为「寸」，请确认。[0;39;49m
2024-08-18 21:20:12 [1;33;49m疑似未知掉落物「书信/letter」，单位为「封」，请确认。[0;39;49m
2024-08-18 21:20:13 [1;33;49m疑似未知掉落物「宽的杨柴/liangcun yangchai」，单位为「寸」，请确认。[0;39;49m
2024-08-18 21:20:13 [1;33;49m疑似未知掉落物「书信/letter」，单位为「封」，请确认。[0;39;49m
2024-08-18 21:20:17 [1;33;49m疑似未知掉落物「宽的杨柴/liangcun yangchai」，单位为「寸」，请确认。[0;39;49m
2024-08-18 21:20:17 [1;33;49m疑似未知掉落物「书信/letter」，单位为「封」，请确认。[0;39;49m
2024-08-18 21:20:18 [1;33;49m疑似未知掉落物「宽的杨柴/liangcun yangchai」，单位为「寸」，请确认。[0;39;49m
2024-08-18 21:20:18 [1;33;49m疑似未知掉落物「书信/letter」，单位为「封」，请确认。[0;39;49m
2024-08-18 21:20:23 [1;33;49m疑似未知掉落物「宽的杨柴/liangcun yangchai」，单位为「寸」，请确认。[0;39;49m
2024-08-18 21:20:23 [1;33;49m疑似未知掉落物「书信/letter」，单位为「封」，请确认。[0;39;49m
2024-08-18 21:20:23 [1;33;49m疑似未知掉落物「宽的杨柴/liangcun yangchai」，单位为「寸」，请确认。[0;39;49m
2024-08-18 21:20:23 [1;33;49m疑似未知掉落物「书信/letter」，单位为「封」，请确认。[0;39;49m
2024-08-18 21:20:28 [1;33;49m疑似未知掉落物「宽的杨柴/liangcun yangchai」，单位为「寸」，请确认。[0;39;49m
2024-08-18 21:20:28 [1;33;49m疑似未知掉落物「书信/letter」，单位为「封」，请确认。[0;39;49m
2024-08-18 21:20:33 [1;33;49m疑似未知掉落物「宽的杨柴/liangcun yangchai」，单位为「寸」，请确认。[0;39;49m
2024-08-18 21:20:33 [1;33;49m疑似未知掉落物「书信/letter」，单位为「封」，请确认。[0;39;49m
2024-08-18 21:20:33 [1;33;49m疑似未知掉落物「宽的杨柴/liangcun yangchai」，单位为「寸」，请确认。[0;39;49m
2024-08-18 21:20:33 [1;33;49m疑似未知掉落物「书信/letter」，单位为「封」，请确认。[0;39;49m
2024-08-18 21:20:39 [1;33;49m疑似未知掉落物「宽的杨柴/liangcun yangchai」，单位为「寸」，请确认。[0;39;49m
2024-08-18 21:20:39 [1;33;49m疑似未知掉落物「书信/letter」，单位为「封」，请确认。[0;39;49m
2024-08-18 21:20:44 [1;33;49m疑似未知掉落物「宽的杨柴/liangcun yangchai」，单位为「寸」，请确认。[0;39;49m
2024-08-18 21:20:44 [1;33;49m疑似未知掉落物「书信/letter」，单位为「封」，请确认。[0;39;49m
2024-08-18 21:20:44 [1;33;49m疑似未知掉落物「宽的杨柴/liangcun yangchai」，单位为「寸」，请确认。[0;39;49m
2024-08-18 21:20:44 [1;33;49m疑似未知掉落物「书信/letter」，单位为「封」，请确认。[0;39;49m
2024-08-18 21:20:49 [1;33;49m疑似未知掉落物「宽的杨柴/liangcun yangchai」，单位为「寸」，请确认。[0;39;49m
2024-08-18 21:20:49 [1;33;49m疑似未知掉落物「书信/letter」，单位为「封」，请确认。[0;39;49m
2024-08-18 21:20:55 [1;33;49m疑似未知掉落物「宽的杨柴/liangcun yangchai」，单位为「寸」，请确认。[0;39;49m
2024-08-18 21:20:55 [1;33;49m疑似未知掉落物「书信/letter」，单位为「封」，请确认。[0;39;49m
2024-08-18 21:20:55 [1;33;49m疑似未知掉落物「宽的杨柴/liangcun yangchai」，单位为「寸」，请确认。[0;39;49m
2024-08-18 21:20:55 [1;33;49m疑似未知掉落物「书信/letter」，单位为「封」，请确认。[0;39;49m
2024-08-18 21:21:00 [1;33;49m疑似未知掉落物「宽的杨柴/liangcun yangchai」，单位为「寸」，请确认。[0;39;49m
2024-08-18 21:21:00 [1;33;49m疑似未知掉落物「书信/letter」，单位为「封」，请确认。[0;39;49m
2024-08-18 21:21:00 [1;33;49m疑似未知掉落物「宽的杨柴/liangcun yangchai」，单位为「寸」，请确认。[0;39;49m
2024-08-18 21:21:00 [1;33;49m疑似未知掉落物「书信/letter」，单位为「封」，请确认。[0;39;49m
2024-08-18 21:21:05 [1;33;49m疑似未知掉落物「宽的杨柴/liangcun yangchai」，单位为「寸」，请确认。[0;39;49m
2024-08-18 21:21:05 [1;33;49m疑似未知掉落物「书信/letter」，单位为「封」，请确认。[0;39;49m
2024-08-18 21:21:10 [1;33;49m疑似未知掉落物「宽的杨柴/liangcun yangchai」，单位为「寸」，请确认。[0;39;49m
2024-08-18 21:21:10 [1;33;49m疑似未知掉落物「书信/letter」，单位为「封」，请确认。[0;39;49m
2024-08-18 21:21:11 [1;33;49m疑似未知掉落物「宽的杨柴/liangcun yangchai」，单位为「寸」，请确认。[0;39;49m
2024-08-18 21:21:11 [1;33;49m疑似未知掉落物「书信/letter」，单位为「封」，请确认。[0;39;49m
2024-08-18 21:21:15 [1;33;49m疑似未知掉落物「宽的杨柴/liangcun yangchai」，单位为「寸」，请确认。[0;39;49m
2024-08-18 21:21:15 [1;33;49m疑似未知掉落物「书信/letter」，单位为「封」，请确认。[0;39;49m
2024-08-18 21:21:16 [1;33;49m疑似未知掉落物「宽的杨柴/liangcun yangchai」，单位为「寸」，请确认。[0;39;49m
2024-08-18 21:21:16 [1;33;49m疑似未知掉落物「书信/letter」，单位为「封」，请确认。[0;39;49m
2024-08-18 21:21:20 [1;33;49m疑似未知掉落物「宽的杨柴/liangcun yangchai」，单位为「寸」，请确认。[0;39;49m
2024-08-18 21:21:20 [1;33;49m疑似未知掉落物「书信/letter」，单位为「封」，请确认。[0;39;49m
2024-08-18 21:21:21 [1;33;49m疑似未知掉落物「宽的杨柴/liangcun yangchai」，单位为「寸」，请确认。[0;39;49m
2024-08-18 21:21:21 [1;33;49m疑似未知掉落物「书信/letter」，单位为「封」，请确认。[0;39;49m
2024-08-18 21:21:26 [1;33;49m疑似未知掉落物「宽的杨柴/liangcun yangchai」，单位为「寸」，请确认。[0;39;49m
2024-08-18 21:21:26 [1;33;49m疑似未知掉落物「书信/letter」，单位为「封」，请确认。[0;39;49m
2024-08-18 21:21:31 [1;33;49m疑似未知掉落物「宽的杨柴/liangcun yangchai」，单位为「寸」，请确认。[0;39;49m
2024-08-18 21:21:31 [1;33;49m疑似未知掉落物「书信/letter」，单位为「封」，请确认。[0;39;49m
2024-08-18 21:21:32 [1;33;49m疑似未知掉落物「宽的杨柴/liangcun yangchai」，单位为「寸」，请确认。[0;39;49m
2024-08-18 21:21:32 [1;33;49m疑似未知掉落物「书信/letter」，单位为「封」，请确认。[0;39;49m
2024-08-18 21:21:37 [1;33;49m疑似未知掉落物「宽的杨柴/liangcun yangchai」，单位为「寸」，请确认。[0;39;49m
2024-08-18 21:21:37 [1;33;49m疑似未知掉落物「书信/letter」，单位为「封」，请确认。[0;39;49m
2024-08-18 21:21:41 [1;33;49m疑似未知掉落物「宽的杨柴/liangcun yangchai」，单位为「寸」，请确认。[0;39;49m
2024-08-18 21:21:41 [1;33;49m疑似未知掉落物「书信/letter」，单位为「封」，请确认。[0;39;49m
2024-08-18 21:21:42 [1;33;49m疑似未知掉落物「宽的杨柴/liangcun yangchai」，单位为「寸」，请确认。[0;39;49m
2024-08-18 21:21:42 [1;33;49m疑似未知掉落物「书信/letter」，单位为「封」，请确认。[0;39;49m
2024-08-18 21:21:48 [1;33;49m疑似未知掉落物「宽的杨柴/liangcun yangchai」，单位为「寸」，请确认。[0;39;49m
2024-08-18 21:21:48 [1;33;49m疑似未知掉落物「书信/letter」，单位为「封」，请确认。[0;39;49m
2024-08-18 21:21:53 [1;33;49m疑似未知掉落物「宽的杨柴/liangcun yangchai」，单位为「寸」，请确认。[0;39;49m
2024-08-18 21:21:53 [1;33;49m疑似未知掉落物「书信/letter」，单位为「封」，请确认。[0;39;49m
2024-08-18 21:21:54 [1;33;49m疑似未知掉落物「宽的杨柴/liangcun yangchai」，单位为「寸」，请确认。[0;39;49m
2024-08-18 21:21:54 [1;33;49m疑似未知掉落物「书信/letter」，单位为「封」，请确认。[0;39;49m
2024-08-18 21:21:58 [1;33;49m疑似未知掉落物「宽的杨柴/liangcun yangchai」，单位为「寸」，请确认。[0;39;49m
2024-08-18 21:21:58 [1;33;49m疑似未知掉落物「书信/letter」，单位为「封」，请确认。[0;39;49m
2024-08-18 21:22:03 [1;33;49m疑似未知掉落物「宽的杨柴/liangcun yangchai」，单位为「寸」，请确认。[0;39;49m
2024-08-18 21:22:03 [1;33;49m疑似未知掉落物「书信/letter」，单位为「封」，请确认。[0;39;49m
2024-08-18 21:22:04 [1;33;49m疑似未知掉落物「宽的杨柴/liangcun yangchai」，单位为「寸」，请确认。[0;39;49m
2024-08-18 21:22:04 [1;33;49m疑似未知掉落物「书信/letter」，单位为「封」，请确认。[0;39;49m
2024-08-18 21:22:07 [1;33;49m疑似未知掉落物「宽的杨柴/liangcun yangchai」，单位为「寸」，请确认。[0;39;49m
2024-08-18 21:22:07 [1;33;49m疑似未知掉落物「书信/letter」，单位为「封」，请确认。[0;39;49m
2024-08-18 21:22:08 [1;33;49m疑似未知掉落物「宽的杨柴/liangcun yangchai」，单位为「寸」，请确认。[0;39;49m
2024-08-18 21:22:08 [1;33;49m疑似未知掉落物「书信/letter」，单位为「封」，请确认。[0;39;49m
2024-08-18 21:22:12 [1;33;49m疑似未知掉落物「宽的杨柴/liangcun yangchai」，单位为「寸」，请确认。[0;39;49m
2024-08-18 21:22:12 [1;33;49m疑似未知掉落物「书信/letter」，单位为「封」，请确认。[0;39;49m
2024-08-18 21:22:13 [1;33;49m疑似未知掉落物「宽的杨柴/liangcun yangchai」，单位为「寸」，请确认。[0;39;49m
2024-08-18 21:22:13 [1;33;49m疑似未知掉落物「书信/letter」，单位为「封」，请确认。[0;39;49m
2024-08-18 21:22:17 [1;33;49m疑似未知掉落物「宽的杨柴/liangcun yangchai」，单位为「寸」，请确认。[0;39;49m
2024-08-18 21:22:17 [1;33;49m疑似未知掉落物「书信/letter」，单位为「封」，请确认。[0;39;49m
2024-08-18 21:22:23 [1;33;49m疑似未知掉落物「宽的杨柴/liangcun yangchai」，单位为「寸」，请确认。[0;39;49m
2024-08-18 21:22:23 [1;33;49m疑似未知掉落物「书信/letter」，单位为「封」，请确认。[0;39;49m
2024-08-18 21:22:29 [1;33;49m疑似未知掉落物「宽的杨柴/liangcun yangchai」，单位为「寸」，请确认。[0;39;49m
2024-08-18 21:22:29 [1;33;49m疑似未知掉落物「书信/letter」，单位为「封」，请确认。[0;39;49m
2024-08-18 21:22:29 [1;33;49m疑似未知掉落物「宽的杨柴/liangcun yangchai」，单位为「寸」，请确认。[0;39;49m
2024-08-18 21:22:29 [1;33;49m疑似未知掉落物「书信/letter」，单位为「封」，请确认。[0;39;49m
2024-08-18 21:22:35 [1;33;49m疑似未知掉落物「宽的杨柴/liangcun yangchai」，单位为「寸」，请确认。[0;39;49m
2024-08-18 21:22:35 [1;33;49m疑似未知掉落物「书信/letter」，单位为「封」，请确认。[0;39;49m
2024-08-18 21:22:41 [1;33;49m疑似未知掉落物「宽的杨柴/liangcun yangchai」，单位为「寸」，请确认。[0;39;49m
2024-08-18 21:22:41 [1;33;49m疑似未知掉落物「书信/letter」，单位为「封」，请确认。[0;39;49m
2024-08-18 21:22:41 [1;33;49m疑似未知掉落物「宽的杨柴/liangcun yangchai」，单位为「寸」，请确认。[0;39;49m
2024-08-18 21:22:41 [1;33;49m疑似未知掉落物「书信/letter」，单位为「封」，请确认。[0;39;49m
2024-08-18 21:22:48 [1;33;49m疑似未知掉落物「宽的杨柴/liangcun yangchai」，单位为「寸」，请确认。[0;39;49m
2024-08-18 21:22:48 [1;33;49m疑似未知掉落物「书信/letter」，单位为「封」，请确认。[0;39;49m
2024-08-18 21:22:48 [1;33;49m疑似未知掉落物「宽的杨柴/liangcun yangchai」，单位为「寸」，请确认。[0;39;49m
2024-08-18 21:22:48 [1;33;49m疑似未知掉落物「书信/letter」，单位为「封」，请确认。[0;39;49m
2024-08-18 21:22:53 [1;33;49m疑似未知掉落物「宽的杨柴/liangcun yangchai」，单位为「寸」，请确认。[0;39;49m
2024-08-18 21:22:53 [1;33;49m疑似未知掉落物「书信/letter」，单位为「封」，请确认。[0;39;49m
2024-08-18 21:22:54 [1;33;49m疑似未知掉落物「宽的杨柴/liangcun yangchai」，单位为「寸」，请确认。[0;39;49m
2024-08-18 21:22:54 [1;33;49m疑似未知掉落物「书信/letter」，单位为「封」，请确认。[0;39;49m
2024-08-18 21:22:58 [1;33;49m疑似未知掉落物「宽的杨柴/liangcun yangchai」，单位为「寸」，请确认。[0;39;49m
2024-08-18 21:22:58 [1;33;49m疑似未知掉落物「书信/letter」，单位为「封」，请确认。[0;39;49m
2024-08-18 21:22:59 [1;33;49m疑似未知掉落物「宽的杨柴/liangcun yangchai」，单位为「寸」，请确认。[0;39;49m
2024-08-18 21:22:59 [1;33;49m疑似未知掉落物「书信/letter」，单位为「封」，请确认。[0;39;49m
2024-08-18 21:23:04 [1;33;49m疑似未知掉落物「宽的杨柴/liangcun yangchai」，单位为「寸」，请确认。[0;39;49m
2024-08-18 21:23:04 [1;33;49m疑似未知掉落物「书信/letter」，单位为「封」，请确认。[0;39;49m
2024-08-18 21:23:04 [1;33;49m疑似未知掉落物「宽的杨柴/liangcun yangchai」，单位为「寸」，请确认。[0;39;49m
2024-08-18 21:23:04 [1;33;49m疑似未知掉落物「书信/letter」，单位为「封」，请确认。[0;39;49m
2024-08-18 21:23:09 [1;33;49m疑似未知掉落物「宽的杨柴/liangcun yangchai」，单位为「寸」，请确认。[0;39;49m
2024-08-18 21:23:09 [1;33;49m疑似未知掉落物「书信/letter」，单位为「封」，请确认。[0;39;49m
2024-08-18 21:23:10 [1;33;49m疑似未知掉落物「宽的杨柴/liangcun yangchai」，单位为「寸」，请确认。[0;39;49m
2024-08-18 21:23:10 [1;33;49m疑似未知掉落物「书信/letter」，单位为「封」，请确认。[0;39;49m
2024-08-18 21:23:14 [1;33;49m疑似未知掉落物「宽的杨柴/liangcun yangchai」，单位为「寸」，请确认。[0;39;49m
2024-08-18 21:23:14 [1;33;49m疑似未知掉落物「书信/letter」，单位为「封」，请确认。[0;39;49m
2024-08-18 21:23:20 [1;33;49m疑似未知掉落物「宽的杨柴/liangcun yangchai」，单位为「寸」，请确认。[0;39;49m
2024-08-18 21:23:20 [1;33;49m疑似未知掉落物「书信/letter」，单位为「封」，请确认。[0;39;49m
2024-08-18 21:23:26 [1;33;49m疑似未知掉落物「宽的杨柴/liangcun yangchai」，单位为「寸」，请确认。[0;39;49m
2024-08-18 21:23:26 [1;33;49m疑似未知掉落物「书信/letter」，单位为「封」，请确认。[0;39;49m
2024-08-18 21:23:26 [1;33;49m疑似未知掉落物「宽的杨柴/liangcun yangchai」，单位为「寸」，请确认。[0;39;49m
2024-08-18 21:23:26 [1;33;49m疑似未知掉落物「书信/letter」，单位为「封」，请确认。[0;39;49m
2024-08-18 21:23:31 [1;33;49m疑似未知掉落物「宽的杨柴/liangcun yangchai」，单位为「寸」，请确认。[0;39;49m
2024-08-18 21:23:31 [1;33;49m疑似未知掉落物「书信/letter」，单位为「封」，请确认。[0;39;49m
2024-08-18 21:23:32 [1;33;49m疑似未知掉落物「宽的杨柴/liangcun yangchai」，单位为「寸」，请确认。[0;39;49m
2024-08-18 21:23:32 [1;33;49m疑似未知掉落物「书信/letter」，单位为「封」，请确认。[0;39;49m
2024-08-18 21:23:37 [1;33;49m疑似未知掉落物「宽的杨柴/liangcun yangchai」，单位为「寸」，请确认。[0;39;49m
2024-08-18 21:23:37 [1;33;49m疑似未知掉落物「书信/letter」，单位为「封」，请确认。[0;39;49m
2024-08-18 21:23:37 [1;33;49m疑似未知掉落物「宽的杨柴/liangcun yangchai」，单位为「寸」，请确认。[0;39;49m
2024-08-18 21:23:37 [1;33;49m疑似未知掉落物「书信/letter」，单位为「封」，请确认。[0;39;49m
2024-08-18 21:23:41 [1;33;49m疑似未知掉落物「宽的杨柴/liangcun yangchai」，单位为「寸」，请确认。[0;39;49m
2024-08-18 21:23:41 [1;33;49m疑似未知掉落物「书信/letter」，单位为「封」，请确认。[0;39;49m
2024-08-18 21:23:42 [1;33;49m疑似未知掉落物「宽的杨柴/liangcun yangchai」，单位为「寸」，请确认。[0;39;49m
2024-08-18 21:23:42 [1;33;49m疑似未知掉落物「书信/letter」，单位为「封」，请确认。[0;39;49m
2024-08-18 21:23:47 [1;33;49m疑似未知掉落物「宽的杨柴/liangcun yangchai」，单位为「寸」，请确认。[0;39;49m
2024-08-18 21:23:47 [1;33;49m疑似未知掉落物「书信/letter」，单位为「封」，请确认。[0;39;49m
2024-08-18 21:23:53 [1;33;49m疑似未知掉落物「宽的杨柴/liangcun yangchai」，单位为「寸」，请确认。[0;39;49m
2024-08-18 21:23:53 [1;33;49m疑似未知掉落物「书信/letter」，单位为「封」，请确认。[0;39;49m
2024-08-18 21:23:58 [1;33;49m疑似未知掉落物「宽的杨柴/liangcun yangchai」，单位为「寸」，请确认。[0;39;49m
2024-08-18 21:23:58 [1;33;49m疑似未知掉落物「书信/letter」，单位为「封」，请确认。[0;39;49m
2024-08-18 21:23:59 [1;33;49m疑似未知掉落物「宽的杨柴/liangcun yangchai」，单位为「寸」，请确认。[0;39;49m
2024-08-18 21:23:59 [1;33;49m疑似未知掉落物「书信/letter」，单位为「封」，请确认。[0;39;49m
2024-08-18 21:24:03 [1;33;49m疑似未知掉落物「宽的杨柴/liangcun yangchai」，单位为「寸」，请确认。[0;39;49m
2024-08-18 21:24:03 [1;33;49m疑似未知掉落物「书信/letter」，单位为「封」，请确认。[0;39;49m
2024-08-18 21:24:08 [1;33;49m疑似未知掉落物「宽的杨柴/liangcun yangchai」，单位为「寸」，请确认。[0;39;49m
2024-08-18 21:24:08 [1;33;49m疑似未知掉落物「书信/letter」，单位为「封」，请确认。[0;39;49m
2024-08-18 21:24:09 [1;33;49m疑似未知掉落物「宽的杨柴/liangcun yangchai」，单位为「寸」，请确认。[0;39;49m
2024-08-18 21:24:09 [1;33;49m疑似未知掉落物「书信/letter」，单位为「封」，请确认。[0;39;49m
2024-08-18 21:24:14 [1;33;49m疑似未知掉落物「宽的杨柴/liangcun yangchai」，单位为「寸」，请确认。[0;39;49m
2024-08-18 21:24:14 [1;33;49m疑似未知掉落物「书信/letter」，单位为「封」，请确认。[0;39;49m
2024-08-18 21:24:19 [1;33;49m疑似未知掉落物「宽的杨柴/liangcun yangchai」，单位为「寸」，请确认。[0;39;49m
2024-08-18 21:24:19 [1;33;49m疑似未知掉落物「书信/letter」，单位为「封」，请确认。[0;39;49m
2024-08-18 21:24:20 [1;33;49m疑似未知掉落物「宽的杨柴/liangcun yangchai」，单位为「寸」，请确认。[0;39;49m
2024-08-18 21:24:20 [1;33;49m疑似未知掉落物「书信/letter」，单位为「封」，请确认。[0;39;49m
2024-08-18 21:24:24 [1;33;49m疑似未知掉落物「宽的杨柴/liangcun yangchai」，单位为「寸」，请确认。[0;39;49m
2024-08-18 21:24:24 [1;33;49m疑似未知掉落物「书信/letter」，单位为「封」，请确认。[0;39;49m
2024-08-18 21:24:30 [1;33;49m疑似未知掉落物「宽的杨柴/liangcun yangchai」，单位为「寸」，请确认。[0;39;49m
2024-08-18 21:24:30 [1;33;49m疑似未知掉落物「书信/letter」，单位为「封」，请确认。[0;39;49m
2024-08-18 21:24:35 [1;33;49m疑似未知掉落物「宽的杨柴/liangcun yangchai」，单位为「寸」，请确认。[0;39;49m
2024-08-18 21:24:35 [1;33;49m疑似未知掉落物「书信/letter」，单位为「封」，请确认。[0;39;49m
2024-08-18 21:24:35 [1;33;49m疑似未知掉落物「宽的杨柴/liangcun yangchai」，单位为「寸」，请确认。[0;39;49m
2024-08-18 21:24:35 [1;33;49m疑似未知掉落物「书信/letter」，单位为「封」，请确认。[0;39;49m
2024-08-18 21:24:41 [1;33;49m疑似未知掉落物「宽的杨柴/liangcun yangchai」，单位为「寸」，请确认。[0;39;49m
2024-08-18 21:24:41 [1;33;49m疑似未知掉落物「书信/letter」，单位为「封」，请确认。[0;39;49m
2024-08-18 21:24:47 [1;33;49m疑似未知掉落物「宽的杨柴/liangcun yangchai」，单位为「寸」，请确认。[0;39;49m
2024-08-18 21:24:47 [1;33;49m疑似未知掉落物「书信/letter」，单位为「封」，请确认。[0;39;49m
2024-08-18 21:24:53 [1;33;49m疑似未知掉落物「宽的杨柴/liangcun yangchai」，单位为「寸」，请确认。[0;39;49m
2024-08-18 21:24:53 [1;33;49m疑似未知掉落物「书信/letter」，单位为「封」，请确认。[0;39;49m
2024-08-18 21:24:54 [1;33;49m疑似未知掉落物「宽的杨柴/liangcun yangchai」，单位为「寸」，请确认。[0;39;49m
2024-08-18 21:24:54 [1;33;49m疑似未知掉落物「书信/letter」，单位为「封」，请确认。[0;39;49m
2024-08-18 21:24:59 [1;33;49m疑似未知掉落物「宽的杨柴/liangcun yangchai」，单位为「寸」，请确认。[0;39;49m
2024-08-18 21:24:59 [1;33;49m疑似未知掉落物「书信/letter」，单位为「封」，请确认。[0;39;49m
2024-08-18 21:24:59 [1;33;49m疑似未知掉落物「宽的杨柴/liangcun yangchai」，单位为「寸」，请确认。[0;39;49m
2024-08-18 21:24:59 [1;33;49m疑似未知掉落物「书信/letter」，单位为「封」，请确认。[0;39;49m
2024-08-18 21:41:31 [1;33;49m出于美化需要，接下来你在屏幕上看到的内容可能和服务器实际传送的内容不一致。[0;39;49m
2024-08-18 21:41:31 [1;33;49m这可能会给编写触发带来困扰，此时你可以通过快捷键或者 beautify.Off 暂时禁用美化。[0;39;49m
2024-08-18 21:41:57 [1;33;49m未知的移动方式，无法识别，请手动维护路径。[0;39;49m
2024-08-18 21:42:51 [1;33;49m出于美化需要，接下来你在屏幕上看到的内容可能和服务器实际传送的内容不一致。[0;39;49m
2024-08-18 21:42:51 [1;33;49m这可能会给编写触发带来困扰，此时你可以通过快捷键或者 beautify.Off 暂时禁用美化。[0;39;49m
2024-08-18 21:43:17 [1;33;49m尚未找到本房间的关联路径。[0;39;49m
2024-08-18 21:47:18 [1;33;49m尚未找到本房间的关联路径。[0;39;49m
2024-08-18 23:14:55 [1;33;49m出于美化需要，接下来你在屏幕上看到的内容可能和服务器实际传送的内容不一致。[0;39;49m
2024-08-18 23:14:55 [1;33;49m这可能会给编写触发带来困扰，此时你可以通过快捷键或者 beautify.Off 暂时禁用美化。[0;39;49m
2024-08-19 09:35:24 [1;33;49m出于美化需要，接下来你在屏幕上看到的内容可能和服务器实际传送的内容不一致。[0;39;49m
2024-08-19 09:35:24 [1;33;49m这可能会给编写触发带来困扰，此时你可以通过快捷键或者 beautify.Off 暂时禁用美化。[0;39;49m
2024-08-19 09:51:51 [1;33;49m出于美化需要，接下来你在屏幕上看到的内容可能和服务器实际传送的内容不一致。[0;39;49m
2024-08-19 09:51:51 [1;33;49m这可能会给编写触发带来困扰，此时你可以通过快捷键或者 beautify.Off 暂时禁用美化。[0;39;49m
2024-08-19 10:13:04 [1;33;49m出于美化需要，接下来你在屏幕上看到的内容可能和服务器实际传送的内容不一致。[0;39;49m
2024-08-19 10:13:04 [1;33;49m这可能会给编写触发带来困扰，此时你可以通过快捷键或者 beautify.Off 暂时禁用美化。[0;39;49m
2024-08-19 10:26:51 [1;33;49m尚未找到本房间的关联路径。[0;39;49m
2024-08-19 10:27:20 [1;33;49m出于美化需要，接下来你在屏幕上看到的内容可能和服务器实际传送的内容不一致。[0;39;49m
2024-08-19 10:27:20 [1;33;49m这可能会给编写触发带来困扰，此时你可以通过快捷键或者 beautify.Off 暂时禁用美化。[0;39;49m
2024-08-19 11:32:01 [1;33;49m出于美化需要，接下来你在屏幕上看到的内容可能和服务器实际传送的内容不一致。[0;39;49m
2024-08-19 11:32:01 [1;33;49m这可能会给编写触发带来困扰，此时你可以通过快捷键或者 beautify.Off 暂时禁用美化。[0;39;49m
2024-08-19 12:11:43 [1;33;49m你来到了「剑心居」。[0;39;49m
2024-08-19 12:11:44 [1;33;49m你来到了「剑心居」，你不忙。[0;39;49m
2024-08-19 15:02:18 [1;33;49m你来到了「剑心居」。[0;39;49m
2024-08-19 15:02:20 [1;33;49m你来到了「剑心居」，你不忙。[0;39;49m
2024-08-19 15:55:10 [1;33;49m疑似未知掉落物「书信/letter」，单位为「封」，请确认。[0;39;49m
2024-08-19 15:55:10 [1;33;49m疑似未知掉落物「宽的杨柴/liangcun yangchai」，单位为「寸」，请确认。[0;39;49m
2024-08-19 15:55:36 [1;33;49m疑似未知掉落物「书信/letter」，单位为「封」，请确认。[0;39;49m
2024-08-19 15:55:36 [1;33;49m疑似未知掉落物「宽的杨柴/liangcun yangchai」，单位为「寸」，请确认。[0;39;49m
2024-08-19 15:55:43 [1;33;49m疑似未知掉落物「书信/letter」，单位为「封」，请确认。[0;39;49m
2024-08-19 15:55:51 [1;33;49m疑似未知掉落物「书信/letter」，单位为「封」，请确认。[0;39;49m
2024-08-19 15:55:52 [1;33;49m疑似未知掉落物「书信/letter」，单位为「封」，请确认。[0;39;49m
2024-08-19 15:55:53 [1;33;49m疑似未知掉落物「书信/letter」，单位为「封」，请确认。[0;39;49m
2024-08-19 15:55:56 [1;33;49m疑似未知掉落物「书信/letter」，单位为「封」，请确认。[0;39;49m
2024-08-19 15:55:57 [1;33;49m疑似未知掉落物「书信/letter」，单位为「封」，请确认。[0;39;49m
2024-08-19 15:55:59 [1;33;49m疑似未知掉落物「书信/letter」，单位为「封」，请确认。[0;39;49m
2024-08-19 15:56:06 [1;33;49m疑似未知掉落物「书信/letter」，单位为「封」，请确认。[0;39;49m
2024-08-19 15:56:07 [1;33;49m疑似未知掉落物「书信/letter」，单位为「封」，请确认。[0;39;49m
2024-08-19 15:56:08 [1;33;49m疑似未知掉落物「书信/letter」，单位为「封」，请确认。[0;39;49m
2024-08-19 17:02:55 [1;33;49m出于美化需要，接下来你在屏幕上看到的内容可能和服务器实际传送的内容不一致。[0;39;49m
2024-08-19 17:02:55 [1;33;49m这可能会给编写触发带来困扰，此时你可以通过快捷键或者 beautify.Off 暂时禁用美化。[0;39;49m
2024-08-19 17:17:12 [1;33;49m你来到了「剑心居」。[0;39;49m
2024-08-19 17:17:13 [1;33;49m你来到了「剑心居」，你不忙。[0;39;49m
2024-08-19 17:19:20 [1;33;49m你来到了「剑心居」。[0;39;49m
2024-08-19 17:19:22 [1;33;49m你来到了「剑心居」，你不忙。[0;39;49m
2024-08-19 18:34:20 [1;33;49m出于美化需要，接下来你在屏幕上看到的内容可能和服务器实际传送的内容不一致。[0;39;49m
2024-08-19 18:34:20 [1;33;49m这可能会给编写触发带来困扰，此时你可以通过快捷键或者 beautify.Off 暂时禁用美化。[0;39;49m
2024-08-19 18:42:43 [1;33;49m出于美化需要，接下来你在屏幕上看到的内容可能和服务器实际传送的内容不一致。[0;39;49m
2024-08-19 18:42:43 [1;33;49m这可能会给编写触发带来困扰，此时你可以通过快捷键或者 beautify.Off 暂时禁用美化。[0;39;49m
2024-08-19 19:30:47 [1;33;49m出于美化需要，接下来你在屏幕上看到的内容可能和服务器实际传送的内容不一致。[0;39;49m
2024-08-19 19:30:47 [1;33;49m这可能会给编写触发带来困扰，此时你可以通过快捷键或者 beautify.Off 暂时禁用美化。[0;39;49m
2024-08-19 19:32:25 [1;33;49m你来到了「剑心居」。[0;39;49m
2024-08-19 19:32:26 [1;33;49m你来到了「剑心居」，你不忙。[0;39;49m
2024-08-19 19:53:06 [1;33;49m出于美化需要，接下来你在屏幕上看到的内容可能和服务器实际传送的内容不一致。[0;39;49m
2024-08-19 19:53:06 [1;33;49m这可能会给编写触发带来困扰，此时你可以通过快捷键或者 beautify.Off 暂时禁用美化。[0;39;49m
2024-08-19 19:56:07 [1;33;49m出于美化需要，接下来你在屏幕上看到的内容可能和服务器实际传送的内容不一致。[0;39;49m
2024-08-19 19:56:07 [1;33;49m这可能会给编写触发带来困扰，此时你可以通过快捷键或者 beautify.Off 暂时禁用美化。[0;39;49m
2024-08-20 23:02:11 [1;33;49m出于美化需要，接下来你在屏幕上看到的内容可能和服务器实际传送的内容不一致。[0;39;49m
2024-08-20 23:02:11 [1;33;49m这可能会给编写触发带来困扰，此时你可以通过快捷键或者 beautify.Off 暂时禁用美化。[0;39;49m
2024-08-21 08:55:41 [1;33;49m出于美化需要，接下来你在屏幕上看到的内容可能和服务器实际传送的内容不一致。[0;39;49m
2024-08-21 08:55:41 [1;33;49m这可能会给编写触发带来困扰，此时你可以通过快捷键或者 beautify.Off 暂时禁用美化。[0;39;49m
2024-08-21 14:11:40 [1;33;49m出于美化需要，接下来你在屏幕上看到的内容可能和服务器实际传送的内容不一致。[0;39;49m
2024-08-21 14:11:40 [1;33;49m这可能会给编写触发带来困扰，此时你可以通过快捷键或者 beautify.Off 暂时禁用美化。[0;39;49m
2024-08-21 14:34:23 [1;33;49m尚未找到本房间的关联路径。[0;39;49m
2024-08-21 14:35:41 [1;33;49m疑似未知掉落物「书信/letter」，单位为「封」，请确认。[0;39;49m
2024-08-21 14:35:48 [1;33;49m疑似未知掉落物「书信/letter」，单位为「封」，请确认。[0;39;49m
2024-08-21 14:35:53 [1;33;49m疑似未知掉落物「书信/letter」，单位为「封」，请确认。[0;39;49m
2024-08-21 14:38:22 [1;33;49m疑似未知掉落物「书信/letter」，单位为「封」，请确认。[0;39;49m
2024-08-21 14:38:44 [1;33;49m疑似未知掉落物「书信/letter」，单位为「封」，请确认。[0;39;49m
2024-08-21 14:38:45 [1;33;49m疑似未知掉落物「书信/letter」，单位为「封」，请确认。[0;39;49m
2024-08-21 14:38:57 [1;33;49m疑似未知掉落物「书信/letter」，单位为「封」，请确认。[0;39;49m
2024-08-21 14:38:59 [1;33;49m疑似未知掉落物「书信/letter」，单位为「封」，请确认。[0;39;49m
2024-08-21 14:39:07 [1;33;49m疑似未知掉落物「书信/letter」，单位为「封」，请确认。[0;39;49m
2024-08-21 14:39:16 [1;33;49m疑似未知掉落物「书信/letter」，单位为「封」，请确认。[0;39;49m
2024-08-21 14:39:26 [1;33;49m疑似未知掉落物「书信/letter」，单位为「封」，请确认。[0;39;49m
2024-08-21 14:39:26 [1;33;49m疑似未知掉落物「书信/letter」，单位为「封」，请确认。[0;39;49m
2024-08-21 14:39:28 [1;33;49m疑似未知掉落物「书信/letter」，单位为「封」，请确认。[0;39;49m
2024-08-21 14:39:34 [1;33;49m疑似未知掉落物「书信/letter」，单位为「封」，请确认。[0;39;49m
2024-08-21 14:39:47 [1;33;49m疑似未知掉落物「书信/letter」，单位为「封」，请确认。[0;39;49m
2024-08-21 15:04:59 [1;33;49m出于美化需要，接下来你在屏幕上看到的内容可能和服务器实际传送的内容不一致。[0;39;49m
2024-08-21 15:04:59 [1;33;49m这可能会给编写触发带来困扰，此时你可以通过快捷键或者 beautify.Off 暂时禁用美化。[0;39;49m
2024-08-21 15:22:05 [1;33;49m出于美化需要，接下来你在屏幕上看到的内容可能和服务器实际传送的内容不一致。[0;39;49m
2024-08-21 15:22:05 [1;33;49m这可能会给编写触发带来困扰，此时你可以通过快捷键或者 beautify.Off 暂时禁用美化。[0;39;49m
2024-08-21 15:22:50 [1;33;49m出于美化需要，接下来你在屏幕上看到的内容可能和服务器实际传送的内容不一致。[0;39;49m
2024-08-21 15:22:50 [1;33;49m这可能会给编写触发带来困扰，此时你可以通过快捷键或者 beautify.Off 暂时禁用美化。[0;39;49m
2024-08-21 15:28:12 [1;33;49m未知的移动方式，无法识别，请手动维护路径。[0;39;49m
2024-09-01 22:12:42 [1;33;49m出于美化需要，接下来你在屏幕上看到的内容可能和服务器实际传送的内容不一致。[0;39;49m
2024-09-01 22:12:42 [1;33;49m这可能会给编写触发带来困扰，此时你可以通过快捷键或者 beautify.Off 暂时禁用美化。[0;39;49m
2024-09-01 22:19:53 [1;33;49m出于美化需要，接下来你在屏幕上看到的内容可能和服务器实际传送的内容不一致。[0;39;49m
2024-09-01 22:19:53 [1;33;49m这可能会给编写触发带来困扰，此时你可以通过快捷键或者 beautify.Off 暂时禁用美化。[0;39;49m
2024-09-01 22:25:20 [1;33;49m出于美化需要，接下来你在屏幕上看到的内容可能和服务器实际传送的内容不一致。[0;39;49m
2024-09-01 22:25:20 [1;33;49m这可能会给编写触发带来困扰，此时你可以通过快捷键或者 beautify.Off 暂时禁用美化。[0;39;49m
2024-09-01 22:32:44 [1;33;49m出于美化需要，接下来你在屏幕上看到的内容可能和服务器实际传送的内容不一致。[0;39;49m
2024-09-01 22:32:44 [1;33;49m这可能会给编写触发带来困扰，此时你可以通过快捷键或者 beautify.Off 暂时禁用美化。[0;39;49m
2024-09-01 22:48:51 [1;33;49m出于美化需要，接下来你在屏幕上看到的内容可能和服务器实际传送的内容不一致。[0;39;49m
2024-09-01 22:48:51 [1;33;49m这可能会给编写触发带来困扰，此时你可以通过快捷键或者 beautify.Off 暂时禁用美化。[0;39;49m
2024-09-01 22:54:15 [1;33;49m出于美化需要，接下来你在屏幕上看到的内容可能和服务器实际传送的内容不一致。[0;39;49m
2024-09-01 22:54:15 [1;33;49m这可能会给编写触发带来困扰，此时你可以通过快捷键或者 beautify.Off 暂时禁用美化。[0;39;49m
2024-09-04 08:21:13 [1;33;49m出于美化需要，接下来你在屏幕上看到的内容可能和服务器实际传送的内容不一致。[0;39;49m
2024-09-04 08:21:13 [1;33;49m这可能会给编写触发带来困扰，此时你可以通过快捷键或者 beautify.Off 暂时禁用美化。[0;39;49m
2024-09-05 08:52:20 [1;33;49m出于美化需要，接下来你在屏幕上看到的内容可能和服务器实际传送的内容不一致。[0;39;49m
2024-09-05 08:52:20 [1;33;49m这可能会给编写触发带来困扰，此时你可以通过快捷键或者 beautify.Off 暂时禁用美化。[0;39;49m
2024-09-05 09:29:43 [1;33;49m你来到了「剑心居」。[0;39;49m
2024-09-05 09:29:45 [1;33;49m你来到了「剑心居」，你不忙。[0;39;49m
2024-09-05 09:51:17 [1;33;49m出于美化需要，接下来你在屏幕上看到的内容可能和服务器实际传送的内容不一致。[0;39;49m
2024-09-05 09:51:17 [1;33;49m这可能会给编写触发带来困扰，此时你可以通过快捷键或者 beautify.Off 暂时禁用美化。[0;39;49m
2024-09-05 10:40:11 [1;33;49m出于美化需要，接下来你在屏幕上看到的内容可能和服务器实际传送的内容不一致。[0;39;49m
2024-09-05 10:40:11 [1;33;49m这可能会给编写触发带来困扰，此时你可以通过快捷键或者 beautify.Off 暂时禁用美化。[0;39;49m
2024-09-05 10:47:49 [1;33;49m出于美化需要，接下来你在屏幕上看到的内容可能和服务器实际传送的内容不一致。[0;39;49m
2024-09-05 10:47:49 [1;33;49m这可能会给编写触发带来困扰，此时你可以通过快捷键或者 beautify.Off 暂时禁用美化。[0;39;49m
2024-09-05 10:48:43 [1;33;49m你来到了「剑心居」。[0;39;49m
2024-09-05 10:48:45 [1;33;49m你来到了「剑心居」，你不忙。[0;39;49m
2024-09-11 23:27:20 [1;33;49m出于美化需要，接下来你在屏幕上看到的内容可能和服务器实际传送的内容不一致。[0;39;49m
2024-09-11 23:27:20 [1;33;49m这可能会给编写触发带来困扰，此时你可以通过快捷键或者 beautify.Off 暂时禁用美化。[0;39;49m
2024-09-11 23:43:41 [1;33;49m出于美化需要，接下来你在屏幕上看到的内容可能和服务器实际传送的内容不一致。[0;39;49m
2024-09-11 23:43:41 [1;33;49m这可能会给编写触发带来困扰，此时你可以通过快捷键或者 beautify.Off 暂时禁用美化。[0;39;49m
2024-09-12 00:02:07 [1;33;49m出于美化需要，接下来你在屏幕上看到的内容可能和服务器实际传送的内容不一致。[0;39;49m
2024-09-12 00:02:07 [1;33;49m这可能会给编写触发带来困扰，此时你可以通过快捷键或者 beautify.Off 暂时禁用美化。[0;39;49m
